INFO: [HLS 200-0] Workspace D:/ESE532/Vivado_HLS/HW7/HW7_1/solution1 opened at Wed Oct 25 01:08:40 -0400 2017
INFO: [HLS 200-100] Execute     config_clock -quiet -name default -period 7 -default=false 
INFO: [SYN 201-201] Setting up clock 'default' with a period of 7ns.
INFO: [HLS 200-100] Command     config_clock returned 0; 0 sec.
INFO: [HLS 200-100] Execute     open_platform DefaultPlatform 
INFO: [HLS 200-100] Command     open_platform returned 0; 0 sec.
INFO: [HLS 200-100] Execute     import_lib E:/Xilinx_SDx/SDx/2017.1/Vivado_HLS/common/technology/xilinx/zynq/zynq 
INFO: [HLS 200-100] Execute       source E:/Xilinx_SDx/SDx/2017.1/Vivado_HLS/common/technology/xilinx/common/xilinx.lib 
INFO: [HLS 200-100] Execute         source E:/Xilinx_SDx/SDx/2017.1/Vivado_HLS/common/technology/xilinx/interface/xilinx_interface.lib 
INFO: [HLS 200-100] Execute           source E:/Xilinx_SDx/SDx/2017.1/Vivado_HLS/common/technology/xilinx/interface/plb46.lib 
INFO: [HLS 200-100] Command           ap_source returned 0; 0.001 sec.
INFO: [HLS 200-100] Execute           source E:/Xilinx_SDx/SDx/2017.1/Vivado_HLS/common/technology/xilinx/interface/fsl.lib 
INFO: [HLS 200-100] Command           ap_source returned 0; 0 sec.
INFO: [HLS 200-100] Execute           source E:/Xilinx_SDx/SDx/2017.1/Vivado_HLS/common/technology/xilinx/interface/axi4.lib 
INFO: [HLS 200-100] Command           ap_source returned 0; 0 sec.
INFO: [HLS 200-100] Execute           source E:/Xilinx_SDx/SDx/2017.1/Vivado_HLS/common/technology/xilinx/interface/maxi.lib 
INFO: [HLS 200-100] Command           ap_source returned 0; 0 sec.
INFO: [HLS 200-100] Execute           source E:/Xilinx_SDx/SDx/2017.1/Vivado_HLS/common/technology/xilinx/interface/saxilite.lib 
INFO: [HLS 200-100] Command           ap_source returned 0; 0 sec.
INFO: [HLS 200-100] Command         ap_source returned 0; 0.002 sec.
INFO: [HLS 200-100] Execute         source E:/Xilinx_SDx/SDx/2017.1/Vivado_HLS/common/technology/xilinx/common/dsp48.lib 
INFO: [HLS 200-100] Command         ap_source returned 0; 0.001 sec.
INFO: [HLS 200-100] Execute         source E:/Xilinx_SDx/SDx/2017.1/Vivado_HLS/common/technology/xilinx/ip/dds_compiler.lib 
INFO: [HLS 200-100] Command         ap_source returned 0; 0 sec.
INFO: [HLS 200-100] Execute         source E:/Xilinx_SDx/SDx/2017.1/Vivado_HLS/common/technology/xilinx/ip/xfft.lib 
INFO: [HLS 200-100] Command         ap_source returned 0; 0 sec.
INFO: [HLS 200-100] Execute         source E:/Xilinx_SDx/SDx/2017.1/Vivado_HLS/common/technology/xilinx/ip/xfir.lib 
INFO: [HLS 200-100] Command         ap_source returned 0; 0 sec.
INFO: [HLS 200-100] Command       ap_source returned 0; 0.005 sec.
INFO: [HLS 200-100] Execute       source E:/Xilinx_SDx/SDx/2017.1/Vivado_HLS/common/technology/xilinx/common/xilinx_old.lib 
INFO: [HLS 200-100] Command       ap_source returned 0; 0.001 sec.
INFO: [HLS 200-100] Execute       source E:/Xilinx_SDx/SDx/2017.1/Vivado_HLS/common/technology/xilinx/common/xilinx_vivado.lib 
INFO: [HLS 200-100] Command       ap_source returned 0; 0.001 sec.
INFO: [HLS 200-100] Execute       source E:/Xilinx_SDx/SDx/2017.1/Vivado_HLS/common/technology/xilinx/common/xilinx.hlp 
INFO: [HLS 200-100] Execute         source E:/Xilinx_SDx/SDx/2017.1/Vivado_HLS/common/technology/xilinx/common/target_info.tcl 
INFO: [HLS 200-100] Command         ap_source returned 0; 0.001 sec.
INFO: [HLS 200-100] Execute         source E:/Xilinx_SDx/SDx/2017.1/Vivado_HLS/common/technology/xilinx/interface/xilinx_interface.hlp 
INFO: [HLS 200-100] Execute           source E:/Xilinx_SDx/SDx/2017.1/Vivado_HLS/common/technology/xilinx/interface/maxi.hlp 
INFO: [HLS 200-100] Command           ap_source returned 0; 0 sec.
INFO: [HLS 200-100] Execute           source E:/Xilinx_SDx/SDx/2017.1/Vivado_HLS/common/technology/xilinx/interface/saxilite.hlp 
INFO: [HLS 200-100] Command           ap_source returned 0; 0 sec.
INFO: [HLS 200-100] Command         ap_source returned 0; 0 sec.
INFO: [HLS 200-100] Execute         source E:/Xilinx_SDx/SDx/2017.1/Vivado_HLS/common/technology/xilinx/common/dsp48.hlp 
INFO: [HLS 200-100] Command         ap_source returned 0; 0.001 sec.
INFO: [HLS 200-100] Command       ap_source returned 0; 0.005 sec.
INFO: [HLS 200-100] Execute       source E:/Xilinx_SDx/SDx/2017.1/Vivado_HLS/common/technology/xilinx/zynq/dsp48e1.hlp 
INFO: [HLS 200-100] Command       ap_source returned 0; 0 sec.
INFO: [HLS 200-100] Execute       get_default_platform 
INFO: [HLS 200-100] Command       get_default_platform returned 0; 0 sec.
INFO: [HLS 200-100] Execute       config_chip_info -quiet -resource  {SLICE 13300}  {LUT 53200}     {FF 106400} {DSP48E 220}   {BRAM 280}  
INFO: [HLS 200-100] Command       config_chip_info returned 0; 0 sec.
INFO: [HLS 200-100] Execute       config_chip_info -quiet -speed medium 
INFO: [HLS 200-100] Command       config_chip_info returned 0; 0 sec.
INFO: [HLS 200-100] Execute       source E:/Xilinx_SDx/SDx/2017.1/Vivado_HLS/common/technology/xilinx/common/xilinx.hlp 
INFO: [HLS 200-100] Execute         source E:/Xilinx_SDx/SDx/2017.1/Vivado_HLS/common/technology/xilinx/common/target_info.tcl 
INFO: [HLS 200-100] Command         ap_source returned 0; 0.031 sec.
INFO: [HLS 200-100] Execute         source E:/Xilinx_SDx/SDx/2017.1/Vivado_HLS/common/technology/xilinx/interface/xilinx_interface.hlp 
INFO: [HLS 200-100] Execute           source E:/Xilinx_SDx/SDx/2017.1/Vivado_HLS/common/technology/xilinx/interface/maxi.hlp 
INFO: [HLS 200-100] Command           ap_source returned 0; 0 sec.
INFO: [HLS 200-100] Execute           source E:/Xilinx_SDx/SDx/2017.1/Vivado_HLS/common/technology/xilinx/interface/saxilite.hlp 
INFO: [HLS 200-100] Command           ap_source returned 0; 0.001 sec.
INFO: [HLS 200-100] Command         ap_source returned 0; 0.001 sec.
INFO: [HLS 200-100] Execute         source E:/Xilinx_SDx/SDx/2017.1/Vivado_HLS/common/technology/xilinx/common/dsp48.hlp 
INFO: [HLS 200-100] Command         ap_source returned 0; 0.001 sec.
INFO: [HLS 200-100] Command       ap_source returned 0; 0.034 sec.
INFO: [HLS 200-100] Command     import_lib returned 0; 0.051 sec.
INFO: [HLS 200-100] Execute     source E:/Xilinx_SDx/SDx/2017.1/Vivado_HLS/common/technology/xilinx/zynq/zynq.gen 
INFO: [HLS 200-100] Execute       source E:/Xilinx_SDx/SDx/2017.1/Vivado_HLS/common/technology/xilinx/common/virtex.gen 
INFO: [HLS 200-100] Execute         source E:/Xilinx_SDx/SDx/2017.1/Vivado_HLS/common/technology/xilinx/common/xilinx.gen 
INFO: [HLS 200-100] Execute           source E:/Xilinx_SDx/SDx/2017.1/Vivado_HLS/common/technology/xilinx/interface/plb46.gen 
INFO: [HLS 200-100] Command           ap_source returned 0; 0.001 sec.
INFO: [HLS 200-100] Execute           source E:/Xilinx_SDx/SDx/2017.1/Vivado_HLS/common/technology/xilinx/interface/fsl.gen 
INFO: [HLS 200-100] Command           ap_source returned 0; 0 sec.
INFO: [HLS 200-100] Execute           source E:/Xilinx_SDx/SDx/2017.1/Vivado_HLS/common/technology/xilinx/interface/axi4.gen 
INFO: [HLS 200-100] Command           ap_source returned 0; 0.001 sec.
INFO: [HLS 200-100] Execute           source E:/Xilinx_SDx/SDx/2017.1/Vivado_HLS/common/technology/xilinx/interface/nativeAXI4.gen 
INFO: [HLS 200-100] Execute             source E:/Xilinx_SDx/SDx/2017.1/Vivado_HLS/common/technology/xilinx/interface/saxilite.gen 
INFO: [HLS 200-100] Command             ap_source returned 0; 0.003 sec.
INFO: [HLS 200-100] Execute             source E:/Xilinx_SDx/SDx/2017.1/Vivado_HLS/common/technology/xilinx/interface/maxi.gen 
INFO: [HLS 200-100] Command             ap_source returned 0; 0.006 sec.
INFO: [HLS 200-100] Command           ap_source returned 0; 0.011 sec.
INFO: [HLS 200-100] Execute           source E:/Xilinx_SDx/SDx/2017.1/Vivado_HLS/common/technology/xilinx/scripts/xilinxcoregen.gen 
INFO: [HLS 200-100] Command           ap_source returned 0; 0.009 sec.
INFO: [HLS 200-100] Execute           source E:/Xilinx_SDx/SDx/2017.1/Vivado_HLS/common/technology/xilinx/interface/XilEDKCoreGen.gen 
INFO: [HLS 200-100] Command           ap_source returned 0; 0.006 sec.
INFO: [HLS 200-100] Execute           source E:/Xilinx_SDx/SDx/2017.1/Vivado_HLS/common/technology/xilinx/ip/dds_compiler.gen 
INFO: [HLS 200-100] Command           ap_source returned 0; 0.002 sec.
INFO: [HLS 200-100] Execute           source E:/Xilinx_SDx/SDx/2017.1/Vivado_HLS/common/technology/xilinx/ip/util.gen 
INFO: [HLS 200-100] Command           ap_source returned 0; 0 sec.
INFO: [HLS 200-100] Execute           source E:/Xilinx_SDx/SDx/2017.1/Vivado_HLS/common/technology/xilinx/ip/xfft.gen 
INFO: [HLS 200-100] Command           ap_source returned 0; 0.088 sec.
INFO: [HLS 200-100] Execute           source E:/Xilinx_SDx/SDx/2017.1/Vivado_HLS/common/technology/xilinx/ip/xfir.gen 
INFO: [HLS 200-100] Command           ap_source returned 0; 0.001 sec.
INFO: [HLS 200-100] Command         ap_source returned 0; 0.123 sec.
INFO: [HLS 200-100] Execute         source E:/Xilinx_SDx/SDx/2017.1/Vivado_HLS/common/technology/xilinx/common/dsp48.gen 
INFO: [HLS 200-100] Command         ap_source returned 0; 0 sec.
INFO: [HLS 200-100] Command       ap_source returned 0; 0.125 sec.
INFO: [HLS 200-100] Command     ap_source returned 0; 0.126 sec.
INFO: [HLS 200-100] Execute     open_platform DefaultPlatform 
INFO: [HLS 200-100] Command     open_platform returned 0; 0 sec.
INFO: [HLS 200-100] Execute     import_lib E:/Xilinx_SDx/SDx/2017.1/Vivado_HLS/common/technology/xilinx/zynq/zynq_fpv6 
INFO: [HLS 200-100] Execute       source E:/Xilinx_SDx/SDx/2017.1/Vivado_HLS/common/technology/xilinx/common/xilinx_fpv7.lib 
INFO: [HLS 200-100] Execute         source E:/Xilinx_SDx/SDx/2017.1/Vivado_HLS/common/technology/xilinx/common/xilinx_hp.lib 
INFO: [HLS 200-100] Command         ap_source returned 0; 0.001 sec.
INFO: [HLS 200-100] Command       ap_source returned 0; 0.004 sec.
INFO: [HLS 200-100] Execute       source E:/Xilinx_SDx/SDx/2017.1/Vivado_HLS/common/technology/xilinx/common/xilinx_fpv.hlp 
INFO: [HLS 200-100] Execute         source E:/Xilinx_SDx/SDx/2017.1/Vivado_HLS/common/technology/xilinx/common/xilinx.hlp 
INFO: [HLS 200-100] Execute           source E:/Xilinx_SDx/SDx/2017.1/Vivado_HLS/common/technology/xilinx/common/target_info.tcl 
INFO: [HLS 200-100] Command           ap_source returned 0; 0.028 sec.
INFO: [HLS 200-100] Execute           source E:/Xilinx_SDx/SDx/2017.1/Vivado_HLS/common/technology/xilinx/interface/xilinx_interface.hlp 
INFO: [HLS 200-100] Execute             source E:/Xilinx_SDx/SDx/2017.1/Vivado_HLS/common/technology/xilinx/interface/maxi.hlp 
INFO: [HLS 200-100] Command             ap_source returned 0; 0.001 sec.
INFO: [HLS 200-100] Execute             source E:/Xilinx_SDx/SDx/2017.1/Vivado_HLS/common/technology/xilinx/interface/saxilite.hlp 
INFO: [HLS 200-100] Command             ap_source returned 0; 0 sec.
INFO: [HLS 200-100] Command           ap_source returned 0; 0.001 sec.
INFO: [HLS 200-100] Execute           source E:/Xilinx_SDx/SDx/2017.1/Vivado_HLS/common/technology/xilinx/common/dsp48.hlp 
INFO: [HLS 200-100] Command           ap_source returned 0; 0.001 sec.
INFO: [HLS 200-100] Command         ap_source returned 0; 0.031 sec.
INFO: [HLS 200-100] Command       ap_source returned 0; 0.033 sec.
INFO: [HLS 200-100] Execute       source E:/Xilinx_SDx/SDx/2017.1/Vivado_HLS/common/technology/xilinx/zynq/zynq_hp.hlp 
INFO: [HLS 200-100] Command       ap_source returned 0; 0.002 sec.
INFO: [HLS 200-100] Command     import_lib returned 0; 0.046 sec.
INFO: [HLS 200-100] Execute     source E:/Xilinx_SDx/SDx/2017.1/Vivado_HLS/common/technology/xilinx/zynq/zynq_fpv6.gen 
INFO: [HLS 200-100] Execute       source E:/Xilinx_SDx/SDx/2017.1/Vivado_HLS/common/technology/xilinx/common/xilinx_fpv6.gen 
INFO: [HLS 200-100] Command       ap_source returned 0; 0.002 sec.
INFO: [HLS 200-100] Command     ap_source returned 0; 0.002 sec.
INFO: [HLS 200-100] Execute     set_part xc7z020clg484-1 
INFO: [HLS 200-100] Execute       add_library xilinx/zynq/zynq:xc7z020:clg484:-1 
INFO: [HLS 200-100] Execute         get_default_platform 
INFO: [HLS 200-100] Command         get_default_platform returned 0; 0 sec.
INFO: [HLS 200-100] Execute         license_isbetapart xc7z020 
INFO: [HLS 200-100] Command         license_isbetapart returned 1; 0.011 sec.
INFO: [HLS 200-100] Execute         get_default_platform 
INFO: [HLS 200-100] Command         get_default_platform returned 0; 0 sec.
INFO: [HLS 200-100] Execute         config_chip_info -quiet -resource  {SLICE 13300}  {LUT 53200}     {FF 106400} {DSP48E 220}   {BRAM 280}  
INFO: [HLS 200-100] Command         config_chip_info returned 0; 0 sec.
INFO: [HLS 200-100] Execute         config_chip_info -quiet -speed slow 
INFO: [HLS 200-100] Command         config_chip_info returned 0; 0 sec.
INFO: [HLS 200-100] Command       add_library returned 0; 0.023 sec.
INFO: [HLS 200-100] Execute       add_library xilinx/zynq/zynq_fpv6 
INFO: [HLS 200-100] Execute         get_default_platform 
INFO: [HLS 200-100] Command         get_default_platform returned 0; 0 sec.
INFO: [HLS 200-100] Command       add_library returned 0; 0.002 sec.
INFO: [HLS 200-10] Setting target device to 'xc7z020clg484-1'
INFO: [HLS 200-100] Execute       get_default_platform 
INFO: [HLS 200-100] Command       get_default_platform returned 0; 0 sec.
INFO: [HLS 200-100] Command     set_part returned 0; 0.055 sec.
INFO: [HLS 200-100] Execute     get_default_platform 
INFO: [HLS 200-100] Command     get_default_platform returned 0; 0 sec.
INFO: [HLS 200-100] Execute     config_chip_info -quiet -resource  {SLICE 13300}  {LUT 53200}     {FF 106400} {DSP48E 220}   {BRAM 280}  
INFO: [HLS 200-100] Command     config_chip_info returned 0; 0 sec.
INFO: [HLS 200-100] Execute     config_chip_info -quiet -speed slow 
INFO: [HLS 200-100] Command     config_chip_info returned 0; 0 sec.
INFO: [HLS 200-100] Command   open_solution returned 0; 0.344 sec.
INFO: [HLS 200-100] Execute   set_part xc7z020clg484-1 -tool vivado 
INFO: [HLS 200-100] Execute     add_library xilinx/zynq/zynq:xc7z020:clg484:-1 
INFO: [HLS 200-100] Execute       get_default_platform 
INFO: [HLS 200-100] Command       get_default_platform returned 0; 0 sec.
INFO: [HLS 200-100] Execute       license_isbetapart xc7z020 
INFO: [HLS 200-100] Command       license_isbetapart returned 1; 0 sec.
INFO: [HLS 200-100] Execute       get_default_platform 
INFO: [HLS 200-100] Command       get_default_platform returned 0; 0 sec.
INFO: [HLS 200-100] Execute       config_chip_info -quiet -resource  {SLICE 13300}  {LUT 53200}     {FF 106400} {DSP48E 220}   {BRAM 280}  
INFO: [HLS 200-100] Command       config_chip_info returned 0; 0 sec.
INFO: [HLS 200-100] Execute       config_chip_info -quiet -speed slow 
INFO: [HLS 200-100] Command       config_chip_info returned 0; 0 sec.
INFO: [HLS 200-100] Command     add_library returned 0; 0.007 sec.
INFO: [HLS 200-100] Execute     add_library xilinx/zynq/zynq_fpv6 
INFO: [HLS 200-100] Execute       get_default_platform 
INFO: [HLS 200-100] Command       get_default_platform returned 0; 0 sec.
INFO: [HLS 200-100] Command     add_library returned 0; 0.002 sec.
INFO: [HLS 200-100] Execute     get_default_platform 
INFO: [HLS 200-100] Command     get_default_platform returned 0; 0 sec.
INFO: [HLS 200-100] Command   set_part returned 0; 0.063 sec.
INFO: [HLS 200-100] Execute   create_clock -period 7 -name default 
INFO: [HLS 200-100] Command   create_clock returned 0; 0.004 sec.
INFO: [HLS 200-100] Execute   csynth_design 
INFO: [HLS 200-100] Execute     elaborate -effort=medium -skip_syncheck=0 -keep_printf=0 -lm=0 -skip_cdt=0 -skip_transform=0 -ng=0 -g=0 -opt_fp=0 -enable_clang39=0 
INFO: [HLS 200-10] Analyzing design file 'Scale.cpp' ... 
INFO: [HLS 200-0] Compiling one TU...
INFO: [HLS 200-100] Execute       is_m_axi_addr64 
INFO: [HLS 200-100] Command       is_m_axi_addr64 returned 0; 0 sec.
INFO: [HLS 200-0] Handling Scale.cpp as C++
INFO: [HLS 200-0] Syntax Checking before pre-processing...
INFO: [HLS 200-100] Execute       clang  -fno-limit-debug-info -gcc-toolchain "E:/Xilinx_SDx/SDx/2017.1/Vivado_HLS/msys" -hls    -fno-math-errno -c -emit-llvm -O0  -mllvm -disable-llvm-optzns -fno-threadsafe-statics  -fno-use-cxa-atexit  -fno-threadsafe-statics -fno-use-cxa-atexit -D__CLANG_3_1__ -D__cdecl=   -I "E:/Xilinx_SDx/SDx/2017.1/Vivado_HLS/win64/tools/systemc/include" -I "E:/Xilinx_SDx/SDx/2017.1/Vivado_HLS/include" -I "E:/Xilinx_SDx/SDx/2017.1/Vivado_HLS/include/ap_sysc" -fexceptions -I "E:/Xilinx_SDx/SDx/2017.1/Vivado_HLS/common/technology/autopilot" -include etc/autopilot_ssdm_op.h "Scale.cpp"  -o "D:/ESE532/Vivado_HLS/HW7/HW7_1/solution1/.autopilot/db/Scale.pp.00.o" 
INFO: [HLS 200-0] exec clang -fno-limit-debug-info -gcc-toolchain E:/Xilinx_SDx/SDx/2017.1/Vivado_HLS/msys -hls -fno-math-errno -c -emit-llvm -O0 -mllvm -disable-llvm-optzns -fno-threadsafe-statics -fno-use-cxa-atexit -fno-threadsafe-statics -fno-use-cxa-atexit -D__CLANG_3_1__ -D__cdecl= -I E:/Xilinx_SDx/SDx/2017.1/Vivado_HLS/win64/tools/systemc/include -I E:/Xilinx_SDx/SDx/2017.1/Vivado_HLS/include -I E:/Xilinx_SDx/SDx/2017.1/Vivado_HLS/include/ap_sysc -fexceptions -I E:/Xilinx_SDx/SDx/2017.1/Vivado_HLS/common/technology/autopilot -include etc/autopilot_ssdm_op.h Scale.cpp -o D:/ESE532/Vivado_HLS/HW7/HW7_1/solution1/.autopilot/db/Scale.pp.00.o
INFO: [HLS 200-100] Command       clang returned 0; 0.183 sec.
INFO: [HLS 200-100] Execute       is_encrypted D:/ESE532/Vivado_HLS/HW7/HW7_1/solution1/.autopilot/db/Scale.pp.00.o 
INFO: [HLS 200-100] Command       is_encrypted returned 0; 0 sec.
INFO: [HLS 200-0] Source preprocessing
INFO: [HLS 200-100] Execute       clang  -fno-limit-debug-info -gcc-toolchain "E:/Xilinx_SDx/SDx/2017.1/Vivado_HLS/msys" -hls -fno-exceptions  -D__llvm__  -CC -E "Scale.cpp"     -fno-math-errno -c -emit-llvm -O0  -mllvm -disable-llvm-optzns -fno-threadsafe-statics  -fno-use-cxa-atexit  -fno-threadsafe-statics -fno-use-cxa-atexit -D__CLANG_3_1__ -D__cdecl= -DAESL_SYN -D__SYNTHESIS__ -D__HLS_SYN__ -I "E:/Xilinx_SDx/SDx/2017.1/Vivado_HLS/common/technology/autopilot" -I "E:/Xilinx_SDx/SDx/2017.1/Vivado_HLS/common/technology/autopilot/ap_sysc" -include etc/autopilot_ssdm_op.h  -o "D:/ESE532/Vivado_HLS/HW7/HW7_1/solution1/.autopilot/db/Scale.pp.0.cpp" 
INFO: [HLS 200-0] exec clang -fno-limit-debug-info -gcc-toolchain E:/Xilinx_SDx/SDx/2017.1/Vivado_HLS/msys -hls -fno-exceptions -D__llvm__ -CC -E Scale.cpp -fno-math-errno -c -emit-llvm -O0 -mllvm -disable-llvm-optzns -fno-threadsafe-statics -fno-use-cxa-atexit -fno-threadsafe-statics -fno-use-cxa-atexit -D__CLANG_3_1__ -D__cdecl= -DAESL_SYN -D__SYNTHESIS__ -D__HLS_SYN__ -I E:/Xilinx_SDx/SDx/2017.1/Vivado_HLS/common/technology/autopilot -I E:/Xilinx_SDx/SDx/2017.1/Vivado_HLS/common/technology/autopilot/ap_sysc -include etc/autopilot_ssdm_op.h -o D:/ESE532/Vivado_HLS/HW7/HW7_1/solution1/.autopilot/db/Scale.pp.0.cpp
INFO: [HLS 200-100] Command       clang returned 0; 0.181 sec.
INFO: [HLS 200-0] GCC PP time: 0 seconds per iteration
INFO: [HLS 200-100] Execute       list_core -type functional_unit 
INFO: [HLS 200-100] Command       list_core returned 0; 0 sec.
INFO: [HLS 200-0] CDT Preprocessing...
INFO: [HLS 200-0] Marker-Pragma convertor: D:/ESE532/Vivado_HLS/HW7/HW7_1/solution1/.autopilot/db/Scale.pp.0.cpp D:/ESE532/Vivado_HLS/HW7/HW7_1/solution1/.autopilot/db/Scale.pp.0.cpp.ap-line.cpp D:/ESE532/Vivado_HLS/HW7/HW7_1/solution1/.autopilot/db/Scale.pp.0.cpp.ap-line.cpp.CXX 1
INFO: [HLS 200-0] Converting Markers to Pragmas...
INFO: [HLS 200-100] Execute       cdt  "D:/ESE532/Vivado_HLS/HW7/HW7_1/solution1/.autopilot/db/Scale.pp.0.cpp.ap-line.cpp"  -m "Differentiate_HW" -o "D:/ESE532/Vivado_HLS/HW7/HW7_1/solution1/.autopilot/db/Scale.pp.0.cpp.ap-cdt.cpp" --pp --directive D:/ESE532/Vivado_HLS/HW7/HW7_1/solution1/solution1.directive --source D:/ESE532/Vivado_HLS/HW7/Scale.cpp --error D:/ESE532/Vivado_HLS/HW7/HW7_1/solution1/.autopilot/db --funcunit "AddSub AddSub_DSP AddSubnS DAddSub_fulldsp DAddSub_nodsp DDiv DExp_fulldsp DExp_meddsp DExp_nodsp DLog_fulldsp DLog_meddsp DLog_nodsp DMul_fulldsp DMul_maxdsp DMul_meddsp DMul_nodsp DRSqrt DRecip DSqrt DivnS FAddSub_fulldsp FAddSub_nodsp FDiv FExp_fulldsp FExp_meddsp FExp_nodsp FLog_fulldsp FLog_meddsp FLog_nodsp FMul_fulldsp FMul_maxdsp FMul_meddsp FMul_nodsp FRSqrt_fulldsp FRSqrt_nodsp FRecip_fulldsp FRecip_nodsp FSqrt HAddSub_fulldsp HAddSub_meddsp HAddSub_nodsp HDiv HMul_fulldsp HMul_maxdsp HMul_nodsp HSqrt Mul Mul2S Mul3S Mul4S Mul5S Mul6S Mul_LUT MulnS MuxnS" --ve --vetcl D:/ESE532/Vivado_HLS/HW7/HW7_1/solution1/.autopilot/db --ca --es --gf --pd --p2d D:/ESE532/Vivado_HLS/HW7/HW7_1/solution1/.autopilot/db --sd --scff D:/ESE532/Vivado_HLS/HW7/HW7_1/solution1/.autopilot/db/.systemc_flag --ad 
INFO: [HLS 200-100] Command       cdt returned 0; 0.594 sec.
INFO: [HLS 200-0] Marker-Pragma convertor: D:/ESE532/Vivado_HLS/HW7/HW7_1/solution1/.autopilot/db/Scale.pp.0.cpp.ap-cdt.cpp D:/ESE532/Vivado_HLS/HW7/HW7_1/solution1/.autopilot/db/Scale.pragma.0.cpp D:/ESE532/Vivado_HLS/HW7/HW7_1/solution1/.autopilot/db/Scale.pragma.0.cpp.ap-line.CXX 0
INFO: [HLS 200-0] Converting Pragmas to Markers...
INFO: [HLS 200-100] Execute       source D:/ESE532/Vivado_HLS/HW7/HW7_1/solution1/.autopilot/db/pragma.status.tcl 
INFO: [HLS 200-100] Command       ap_source returned 0; 0.001 sec.
INFO: [HLS 200-0] Pragma Handling...
INFO: [HLS 200-0] Source preprocessing
INFO: [HLS 200-100] Execute       clang  -fno-limit-debug-info -gcc-toolchain "E:/Xilinx_SDx/SDx/2017.1/Vivado_HLS/msys" -hls -fno-exceptions  -D__llvm__  -CC -E "D:/ESE532/Vivado_HLS/HW7/HW7_1/solution1/.autopilot/db/Scale.pragma.1.cpp"     -fno-math-errno -c -emit-llvm -O0  -mllvm -disable-llvm-optzns -fno-threadsafe-statics  -fno-use-cxa-atexit  -fno-threadsafe-statics -fno-use-cxa-atexit -D__CLANG_3_1__ -D__cdecl= -DAESL_SYN -D__SYNTHESIS__ -D__HLS_SYN__ -I "E:/Xilinx_SDx/SDx/2017.1/Vivado_HLS/common/technology/autopilot" -I "E:/Xilinx_SDx/SDx/2017.1/Vivado_HLS/common/technology/autopilot/ap_sysc" -include etc/autopilot_ssdm_op.h  -o "D:/ESE532/Vivado_HLS/HW7/HW7_1/solution1/.autopilot/db/Scale.pragma.2.cpp" 
INFO: [HLS 200-0] exec clang -fno-limit-debug-info -gcc-toolchain E:/Xilinx_SDx/SDx/2017.1/Vivado_HLS/msys -hls -fno-exceptions -D__llvm__ -CC -E D:/ESE532/Vivado_HLS/HW7/HW7_1/solution1/.autopilot/db/Scale.pragma.1.cpp -fno-math-errno -c -emit-llvm -O0 -mllvm -disable-llvm-optzns -fno-threadsafe-statics -fno-use-cxa-atexit -fno-threadsafe-statics -fno-use-cxa-atexit -D__CLANG_3_1__ -D__cdecl= -DAESL_SYN -D__SYNTHESIS__ -D__HLS_SYN__ -I E:/Xilinx_SDx/SDx/2017.1/Vivado_HLS/common/technology/autopilot -I E:/Xilinx_SDx/SDx/2017.1/Vivado_HLS/common/technology/autopilot/ap_sysc -include etc/autopilot_ssdm_op.h -o D:/ESE532/Vivado_HLS/HW7/HW7_1/solution1/.autopilot/db/Scale.pragma.2.cpp
INFO: [HLS 200-100] Command       clang returned 0; 0.177 sec.
INFO: [HLS 200-0] Processing labels
INFO: [HLS 200-100] Execute       clang  -fno-limit-debug-info -gcc-toolchain E:/Xilinx_SDx/SDx/2017.1/Vivado_HLS/msys -hls -hls-analyze-label -hls-analyze-pragma -fno-exceptions  -D__llvm__  -w  "D:/ESE532/Vivado_HLS/HW7/HW7_1/solution1/.autopilot/db/Scale.pragma.2.cpp"    -fno-math-errno -c -emit-llvm -O0  -mllvm -disable-llvm-optzns -fno-threadsafe-statics  -fno-use-cxa-atexit -DAESL_SYN -D__SYNTHESIS__ -D__HLS_SYN__ -I "E:/Xilinx_SDx/SDx/2017.1/Vivado_HLS/common/technology/autopilot" -I "E:/Xilinx_SDx/SDx/2017.1/Vivado_HLS/common/technology/autopilot/ap_sysc" -include etc/autopilot_ssdm_op.h -g -o "D:/ESE532/Vivado_HLS/HW7/HW7_1/solution1/.autopilot/db/Scale.g.bc" 
INFO: [HLS 200-0] exec clang -fno-limit-debug-info -gcc-toolchain E:/Xilinx_SDx/SDx/2017.1/Vivado_HLS/msys -hls -hls-analyze-label -hls-analyze-pragma -fno-exceptions -D__llvm__ -w D:/ESE532/Vivado_HLS/HW7/HW7_1/solution1/.autopilot/db/Scale.pragma.2.cpp -fno-math-errno -c -emit-llvm -O0 -mllvm -disable-llvm-optzns -fno-threadsafe-statics -fno-use-cxa-atexit -DAESL_SYN -D__SYNTHESIS__ -D__HLS_SYN__ -I E:/Xilinx_SDx/SDx/2017.1/Vivado_HLS/common/technology/autopilot -I E:/Xilinx_SDx/SDx/2017.1/Vivado_HLS/common/technology/autopilot/ap_sysc -include etc/autopilot_ssdm_op.h -g -o D:/ESE532/Vivado_HLS/HW7/HW7_1/solution1/.autopilot/db/Scale.g.bc
INFO: [HLS 200-100] Command       clang returned 0; 0.173 sec.
INFO: [HLS 200-10] Analyzing design file 'Filter.cpp' ... 
INFO: [HLS 200-0] Compiling one TU...
INFO: [HLS 200-100] Execute       is_m_axi_addr64 
INFO: [HLS 200-100] Command       is_m_axi_addr64 returned 0; 0 sec.
INFO: [HLS 200-0] Handling Filter.cpp as C++
INFO: [HLS 200-0] Syntax Checking before pre-processing...
INFO: [HLS 200-100] Execute       clang  -fno-limit-debug-info -gcc-toolchain "E:/Xilinx_SDx/SDx/2017.1/Vivado_HLS/msys" -hls    -fno-math-errno -c -emit-llvm -O0  -mllvm -disable-llvm-optzns -fno-threadsafe-statics  -fno-use-cxa-atexit  -fno-threadsafe-statics -fno-use-cxa-atexit -D__CLANG_3_1__ -D__cdecl=   -I "E:/Xilinx_SDx/SDx/2017.1/Vivado_HLS/win64/tools/systemc/include" -I "E:/Xilinx_SDx/SDx/2017.1/Vivado_HLS/include" -I "E:/Xilinx_SDx/SDx/2017.1/Vivado_HLS/include/ap_sysc" -fexceptions -I "E:/Xilinx_SDx/SDx/2017.1/Vivado_HLS/common/technology/autopilot" -include etc/autopilot_ssdm_op.h "Filter.cpp"  -o "D:/ESE532/Vivado_HLS/HW7/HW7_1/solution1/.autopilot/db/Filter.pp.00.o" 
INFO: [HLS 200-0] exec clang -fno-limit-debug-info -gcc-toolchain E:/Xilinx_SDx/SDx/2017.1/Vivado_HLS/msys -hls -fno-math-errno -c -emit-llvm -O0 -mllvm -disable-llvm-optzns -fno-threadsafe-statics -fno-use-cxa-atexit -fno-threadsafe-statics -fno-use-cxa-atexit -D__CLANG_3_1__ -D__cdecl= -I E:/Xilinx_SDx/SDx/2017.1/Vivado_HLS/win64/tools/systemc/include -I E:/Xilinx_SDx/SDx/2017.1/Vivado_HLS/include -I E:/Xilinx_SDx/SDx/2017.1/Vivado_HLS/include/ap_sysc -fexceptions -I E:/Xilinx_SDx/SDx/2017.1/Vivado_HLS/common/technology/autopilot -include etc/autopilot_ssdm_op.h Filter.cpp -o D:/ESE532/Vivado_HLS/HW7/HW7_1/solution1/.autopilot/db/Filter.pp.00.o
INFO: [HLS 200-100] Command       clang returned 0; 0.176 sec.
INFO: [HLS 200-100] Execute       is_encrypted D:/ESE532/Vivado_HLS/HW7/HW7_1/solution1/.autopilot/db/Filter.pp.00.o 
INFO: [HLS 200-100] Command       is_encrypted returned 0; 0 sec.
INFO: [HLS 200-0] Source preprocessing
INFO: [HLS 200-100] Execute       clang  -fno-limit-debug-info -gcc-toolchain "E:/Xilinx_SDx/SDx/2017.1/Vivado_HLS/msys" -hls -fno-exceptions  -D__llvm__  -CC -E "Filter.cpp"     -fno-math-errno -c -emit-llvm -O0  -mllvm -disable-llvm-optzns -fno-threadsafe-statics  -fno-use-cxa-atexit  -fno-threadsafe-statics -fno-use-cxa-atexit -D__CLANG_3_1__ -D__cdecl= -DAESL_SYN -D__SYNTHESIS__ -D__HLS_SYN__ -I "E:/Xilinx_SDx/SDx/2017.1/Vivado_HLS/common/technology/autopilot" -I "E:/Xilinx_SDx/SDx/2017.1/Vivado_HLS/common/technology/autopilot/ap_sysc" -include etc/autopilot_ssdm_op.h  -o "D:/ESE532/Vivado_HLS/HW7/HW7_1/solution1/.autopilot/db/Filter.pp.0.cpp" 
INFO: [HLS 200-0] exec clang -fno-limit-debug-info -gcc-toolchain E:/Xilinx_SDx/SDx/2017.1/Vivado_HLS/msys -hls -fno-exceptions -D__llvm__ -CC -E Filter.cpp -fno-math-errno -c -emit-llvm -O0 -mllvm -disable-llvm-optzns -fno-threadsafe-statics -fno-use-cxa-atexit -fno-threadsafe-statics -fno-use-cxa-atexit -D__CLANG_3_1__ -D__cdecl= -DAESL_SYN -D__SYNTHESIS__ -D__HLS_SYN__ -I E:/Xilinx_SDx/SDx/2017.1/Vivado_HLS/common/technology/autopilot -I E:/Xilinx_SDx/SDx/2017.1/Vivado_HLS/common/technology/autopilot/ap_sysc -include etc/autopilot_ssdm_op.h -o D:/ESE532/Vivado_HLS/HW7/HW7_1/solution1/.autopilot/db/Filter.pp.0.cpp
INFO: [HLS 200-100] Command       clang returned 0; 0.173 sec.
INFO: [HLS 200-0] GCC PP time: 0 seconds per iteration
INFO: [HLS 200-100] Execute       list_core -type functional_unit 
INFO: [HLS 200-100] Command       list_core returned 0; 0 sec.
INFO: [HLS 200-0] CDT Preprocessing...
INFO: [HLS 200-0] Marker-Pragma convertor: D:/ESE532/Vivado_HLS/HW7/HW7_1/solution1/.autopilot/db/Filter.pp.0.cpp D:/ESE532/Vivado_HLS/HW7/HW7_1/solution1/.autopilot/db/Filter.pp.0.cpp.ap-line.cpp D:/ESE532/Vivado_HLS/HW7/HW7_1/solution1/.autopilot/db/Filter.pp.0.cpp.ap-line.cpp.CXX 1
INFO: [HLS 200-0] Converting Markers to Pragmas...
INFO: [HLS 200-100] Execute       cdt  "D:/ESE532/Vivado_HLS/HW7/HW7_1/solution1/.autopilot/db/Filter.pp.0.cpp.ap-line.cpp"  -m "Differentiate_HW" -o "D:/ESE532/Vivado_HLS/HW7/HW7_1/solution1/.autopilot/db/Filter.pp.0.cpp.ap-cdt.cpp" --pp --directive D:/ESE532/Vivado_HLS/HW7/HW7_1/solution1/solution1.directive --source D:/ESE532/Vivado_HLS/HW7/Filter.cpp --error D:/ESE532/Vivado_HLS/HW7/HW7_1/solution1/.autopilot/db --funcunit "AddSub AddSub_DSP AddSubnS DAddSub_fulldsp DAddSub_nodsp DDiv DExp_fulldsp DExp_meddsp DExp_nodsp DLog_fulldsp DLog_meddsp DLog_nodsp DMul_fulldsp DMul_maxdsp DMul_meddsp DMul_nodsp DRSqrt DRecip DSqrt DivnS FAddSub_fulldsp FAddSub_nodsp FDiv FExp_fulldsp FExp_meddsp FExp_nodsp FLog_fulldsp FLog_meddsp FLog_nodsp FMul_fulldsp FMul_maxdsp FMul_meddsp FMul_nodsp FRSqrt_fulldsp FRSqrt_nodsp FRecip_fulldsp FRecip_nodsp FSqrt HAddSub_fulldsp HAddSub_meddsp HAddSub_nodsp HDiv HMul_fulldsp HMul_maxdsp HMul_nodsp HSqrt Mul Mul2S Mul3S Mul4S Mul5S Mul6S Mul_LUT MulnS MuxnS" --ve --vetcl D:/ESE532/Vivado_HLS/HW7/HW7_1/solution1/.autopilot/db --ca --es --gf --pd --p2d D:/ESE532/Vivado_HLS/HW7/HW7_1/solution1/.autopilot/db --sd --scff D:/ESE532/Vivado_HLS/HW7/HW7_1/solution1/.autopilot/db/.systemc_flag --ad 
INFO: [HLS 200-100] Command       cdt returned 0; 0.607 sec.
INFO: [HLS 200-0] Marker-Pragma convertor: D:/ESE532/Vivado_HLS/HW7/HW7_1/solution1/.autopilot/db/Filter.pp.0.cpp.ap-cdt.cpp D:/ESE532/Vivado_HLS/HW7/HW7_1/solution1/.autopilot/db/Filter.pragma.0.cpp D:/ESE532/Vivado_HLS/HW7/HW7_1/solution1/.autopilot/db/Filter.pragma.0.cpp.ap-line.CXX 0
INFO: [HLS 200-0] Converting Pragmas to Markers...
INFO: [HLS 200-100] Execute       source D:/ESE532/Vivado_HLS/HW7/HW7_1/solution1/.autopilot/db/pragma.status.tcl 
INFO: [HLS 200-100] Command       ap_source returned 0; 0 sec.
INFO: [HLS 200-0] Pragma Handling...
INFO: [HLS 200-0] Source preprocessing
INFO: [HLS 200-100] Execute       clang  -fno-limit-debug-info -gcc-toolchain "E:/Xilinx_SDx/SDx/2017.1/Vivado_HLS/msys" -hls -fno-exceptions  -D__llvm__  -CC -E "D:/ESE532/Vivado_HLS/HW7/HW7_1/solution1/.autopilot/db/Filter.pragma.1.cpp"     -fno-math-errno -c -emit-llvm -O0  -mllvm -disable-llvm-optzns -fno-threadsafe-statics  -fno-use-cxa-atexit  -fno-threadsafe-statics -fno-use-cxa-atexit -D__CLANG_3_1__ -D__cdecl= -DAESL_SYN -D__SYNTHESIS__ -D__HLS_SYN__ -I "E:/Xilinx_SDx/SDx/2017.1/Vivado_HLS/common/technology/autopilot" -I "E:/Xilinx_SDx/SDx/2017.1/Vivado_HLS/common/technology/autopilot/ap_sysc" -include etc/autopilot_ssdm_op.h  -o "D:/ESE532/Vivado_HLS/HW7/HW7_1/solution1/.autopilot/db/Filter.pragma.2.cpp" 
INFO: [HLS 200-0] exec clang -fno-limit-debug-info -gcc-toolchain E:/Xilinx_SDx/SDx/2017.1/Vivado_HLS/msys -hls -fno-exceptions -D__llvm__ -CC -E D:/ESE532/Vivado_HLS/HW7/HW7_1/solution1/.autopilot/db/Filter.pragma.1.cpp -fno-math-errno -c -emit-llvm -O0 -mllvm -disable-llvm-optzns -fno-threadsafe-statics -fno-use-cxa-atexit -fno-threadsafe-statics -fno-use-cxa-atexit -D__CLANG_3_1__ -D__cdecl= -DAESL_SYN -D__SYNTHESIS__ -D__HLS_SYN__ -I E:/Xilinx_SDx/SDx/2017.1/Vivado_HLS/common/technology/autopilot -I E:/Xilinx_SDx/SDx/2017.1/Vivado_HLS/common/technology/autopilot/ap_sysc -include etc/autopilot_ssdm_op.h -o D:/ESE532/Vivado_HLS/HW7/HW7_1/solution1/.autopilot/db/Filter.pragma.2.cpp
INFO: [HLS 200-100] Command       clang returned 0; 0.178 sec.
INFO: [HLS 200-0] Processing labels
INFO: [HLS 200-100] Execute       clang  -fno-limit-debug-info -gcc-toolchain E:/Xilinx_SDx/SDx/2017.1/Vivado_HLS/msys -hls -hls-analyze-label -hls-analyze-pragma -fno-exceptions  -D__llvm__  -w  "D:/ESE532/Vivado_HLS/HW7/HW7_1/solution1/.autopilot/db/Filter.pragma.2.cpp"    -fno-math-errno -c -emit-llvm -O0  -mllvm -disable-llvm-optzns -fno-threadsafe-statics  -fno-use-cxa-atexit -DAESL_SYN -D__SYNTHESIS__ -D__HLS_SYN__ -I "E:/Xilinx_SDx/SDx/2017.1/Vivado_HLS/common/technology/autopilot" -I "E:/Xilinx_SDx/SDx/2017.1/Vivado_HLS/common/technology/autopilot/ap_sysc" -include etc/autopilot_ssdm_op.h -g -o "D:/ESE532/Vivado_HLS/HW7/HW7_1/solution1/.autopilot/db/Filter.g.bc" 
INFO: [HLS 200-0] exec clang -fno-limit-debug-info -gcc-toolchain E:/Xilinx_SDx/SDx/2017.1/Vivado_HLS/msys -hls -hls-analyze-label -hls-analyze-pragma -fno-exceptions -D__llvm__ -w D:/ESE532/Vivado_HLS/HW7/HW7_1/solution1/.autopilot/db/Filter.pragma.2.cpp -fno-math-errno -c -emit-llvm -O0 -mllvm -disable-llvm-optzns -fno-threadsafe-statics -fno-use-cxa-atexit -DAESL_SYN -D__SYNTHESIS__ -D__HLS_SYN__ -I E:/Xilinx_SDx/SDx/2017.1/Vivado_HLS/common/technology/autopilot -I E:/Xilinx_SDx/SDx/2017.1/Vivado_HLS/common/technology/autopilot/ap_sysc -include etc/autopilot_ssdm_op.h -g -o D:/ESE532/Vivado_HLS/HW7/HW7_1/solution1/.autopilot/db/Filter.g.bc
INFO: [HLS 200-100] Command       clang returned 0; 0.173 sec.
INFO: [HLS 200-10] Analyzing design file 'Differentiate_HW.cpp' ... 
INFO: [HLS 200-0] Compiling one TU...
INFO: [HLS 200-100] Execute       is_m_axi_addr64 
INFO: [HLS 200-100] Command       is_m_axi_addr64 returned 0; 0 sec.
INFO: [HLS 200-0] Handling Differentiate_HW.cpp as C++
INFO: [HLS 200-0] Syntax Checking before pre-processing...
INFO: [HLS 200-100] Execute       clang  -fno-limit-debug-info -gcc-toolchain "E:/Xilinx_SDx/SDx/2017.1/Vivado_HLS/msys" -hls    -fno-math-errno -c -emit-llvm -O0  -mllvm -disable-llvm-optzns -fno-threadsafe-statics  -fno-use-cxa-atexit  -fno-threadsafe-statics -fno-use-cxa-atexit -D__CLANG_3_1__ -D__cdecl=   -I "E:/Xilinx_SDx/SDx/2017.1/Vivado_HLS/win64/tools/systemc/include" -I "E:/Xilinx_SDx/SDx/2017.1/Vivado_HLS/include" -I "E:/Xilinx_SDx/SDx/2017.1/Vivado_HLS/include/ap_sysc" -fexceptions -I "E:/Xilinx_SDx/SDx/2017.1/Vivado_HLS/common/technology/autopilot" -include etc/autopilot_ssdm_op.h "Differentiate_HW.cpp"  -o "D:/ESE532/Vivado_HLS/HW7/HW7_1/solution1/.autopilot/db/Differentiate_HW.pp.00.o" 
INFO: [HLS 200-0] exec clang -fno-limit-debug-info -gcc-toolchain E:/Xilinx_SDx/SDx/2017.1/Vivado_HLS/msys -hls -fno-math-errno -c -emit-llvm -O0 -mllvm -disable-llvm-optzns -fno-threadsafe-statics -fno-use-cxa-atexit -fno-threadsafe-statics -fno-use-cxa-atexit -D__CLANG_3_1__ -D__cdecl= -I E:/Xilinx_SDx/SDx/2017.1/Vivado_HLS/win64/tools/systemc/include -I E:/Xilinx_SDx/SDx/2017.1/Vivado_HLS/include -I E:/Xilinx_SDx/SDx/2017.1/Vivado_HLS/include/ap_sysc -fexceptions -I E:/Xilinx_SDx/SDx/2017.1/Vivado_HLS/common/technology/autopilot -include etc/autopilot_ssdm_op.h Differentiate_HW.cpp -o D:/ESE532/Vivado_HLS/HW7/HW7_1/solution1/.autopilot/db/Differentiate_HW.pp.00.o
WARNING: [HLS 200-40] Differentiate_HW.cpp:23:34: warning: expression result unused [-Wunused-value]
                                buffer[OUTPUT_FRAME_WIDTH - 1];
                                ~~~~~~ ~~~~~~~~~~~~~~~~~~~~~~^
1 warning generated.

INFO: [HLS 200-100] Command       clang returned 0; 0.179 sec.
INFO: [HLS 200-100] Execute       is_encrypted D:/ESE532/Vivado_HLS/HW7/HW7_1/solution1/.autopilot/db/Differentiate_HW.pp.00.o 
INFO: [HLS 200-100] Command       is_encrypted returned 0; 0 sec.
INFO: [HLS 200-0] Source preprocessing
INFO: [HLS 200-100] Execute       clang  -fno-limit-debug-info -gcc-toolchain "E:/Xilinx_SDx/SDx/2017.1/Vivado_HLS/msys" -hls -fno-exceptions  -D__llvm__  -CC -E "Differentiate_HW.cpp"     -fno-math-errno -c -emit-llvm -O0  -mllvm -disable-llvm-optzns -fno-threadsafe-statics  -fno-use-cxa-atexit  -fno-threadsafe-statics -fno-use-cxa-atexit -D__CLANG_3_1__ -D__cdecl= -DAESL_SYN -D__SYNTHESIS__ -D__HLS_SYN__ -I "E:/Xilinx_SDx/SDx/2017.1/Vivado_HLS/common/technology/autopilot" -I "E:/Xilinx_SDx/SDx/2017.1/Vivado_HLS/common/technology/autopilot/ap_sysc" -include etc/autopilot_ssdm_op.h  -o "D:/ESE532/Vivado_HLS/HW7/HW7_1/solution1/.autopilot/db/Differentiate_HW.pp.0.cpp" 
INFO: [HLS 200-0] exec clang -fno-limit-debug-info -gcc-toolchain E:/Xilinx_SDx/SDx/2017.1/Vivado_HLS/msys -hls -fno-exceptions -D__llvm__ -CC -E Differentiate_HW.cpp -fno-math-errno -c -emit-llvm -O0 -mllvm -disable-llvm-optzns -fno-threadsafe-statics -fno-use-cxa-atexit -fno-threadsafe-statics -fno-use-cxa-atexit -D__CLANG_3_1__ -D__cdecl= -DAESL_SYN -D__SYNTHESIS__ -D__HLS_SYN__ -I E:/Xilinx_SDx/SDx/2017.1/Vivado_HLS/common/technology/autopilot -I E:/Xilinx_SDx/SDx/2017.1/Vivado_HLS/common/technology/autopilot/ap_sysc -include etc/autopilot_ssdm_op.h -o D:/ESE532/Vivado_HLS/HW7/HW7_1/solution1/.autopilot/db/Differentiate_HW.pp.0.cpp
INFO: [HLS 200-100] Command       clang returned 0; 0.177 sec.
INFO: [HLS 200-0] GCC PP time: 0 seconds per iteration
INFO: [HLS 200-100] Execute       list_core -type functional_unit 
INFO: [HLS 200-100] Command       list_core returned 0; 0 sec.
INFO: [HLS 200-0] CDT Preprocessing...
INFO: [HLS 200-0] Marker-Pragma convertor: D:/ESE532/Vivado_HLS/HW7/HW7_1/solution1/.autopilot/db/Differentiate_HW.pp.0.cpp D:/ESE532/Vivado_HLS/HW7/HW7_1/solution1/.autopilot/db/Differentiate_HW.pp.0.cpp.ap-line.cpp D:/ESE532/Vivado_HLS/HW7/HW7_1/solution1/.autopilot/db/Differentiate_HW.pp.0.cpp.ap-line.cpp.CXX 1
INFO: [HLS 200-0] Converting Markers to Pragmas...
INFO: [HLS 200-100] Execute       cdt  "D:/ESE532/Vivado_HLS/HW7/HW7_1/solution1/.autopilot/db/Differentiate_HW.pp.0.cpp.ap-line.cpp"  -m "Differentiate_HW" -o "D:/ESE532/Vivado_HLS/HW7/HW7_1/solution1/.autopilot/db/Differentiate_HW.pp.0.cpp.ap-cdt.cpp" --pp --directive D:/ESE532/Vivado_HLS/HW7/HW7_1/solution1/solution1.directive --source D:/ESE532/Vivado_HLS/HW7/Differentiate_HW.cpp --error D:/ESE532/Vivado_HLS/HW7/HW7_1/solution1/.autopilot/db --funcunit "AddSub AddSub_DSP AddSubnS DAddSub_fulldsp DAddSub_nodsp DDiv DExp_fulldsp DExp_meddsp DExp_nodsp DLog_fulldsp DLog_meddsp DLog_nodsp DMul_fulldsp DMul_maxdsp DMul_meddsp DMul_nodsp DRSqrt DRecip DSqrt DivnS FAddSub_fulldsp FAddSub_nodsp FDiv FExp_fulldsp FExp_meddsp FExp_nodsp FLog_fulldsp FLog_meddsp FLog_nodsp FMul_fulldsp FMul_maxdsp FMul_meddsp FMul_nodsp FRSqrt_fulldsp FRSqrt_nodsp FRecip_fulldsp FRecip_nodsp FSqrt HAddSub_fulldsp HAddSub_meddsp HAddSub_nodsp HDiv HMul_fulldsp HMul_maxdsp HMul_nodsp HSqrt Mul Mul2S Mul3S Mul4S Mul5S Mul6S Mul_LUT MulnS MuxnS" --ve --vetcl D:/ESE532/Vivado_HLS/HW7/HW7_1/solution1/.autopilot/db --ca --es --gf --pd --p2d D:/ESE532/Vivado_HLS/HW7/HW7_1/solution1/.autopilot/db --sd --scff D:/ESE532/Vivado_HLS/HW7/HW7_1/solution1/.autopilot/db/.systemc_flag --ad 
INFO: [HLS 200-100] Command       cdt returned 0; 0.605 sec.
INFO: [HLS 200-0] Marker-Pragma convertor: D:/ESE532/Vivado_HLS/HW7/HW7_1/solution1/.autopilot/db/Differentiate_HW.pp.0.cpp.ap-cdt.cpp D:/ESE532/Vivado_HLS/HW7/HW7_1/solution1/.autopilot/db/Differentiate_HW.pragma.0.cpp D:/ESE532/Vivado_HLS/HW7/HW7_1/solution1/.autopilot/db/Differentiate_HW.pragma.0.cpp.ap-line.CXX 0
INFO: [HLS 200-0] Converting Pragmas to Markers...
INFO: [HLS 200-100] Execute       source D:/ESE532/Vivado_HLS/HW7/HW7_1/solution1/.autopilot/db/pragma.status.tcl 
INFO: [HLS 200-100] Command       ap_source returned 0; 0 sec.
INFO: [HLS 200-0] Pragma Handling...
INFO: [HLS 200-0] Source preprocessing
INFO: [HLS 200-100] Execute       clang  -fno-limit-debug-info -gcc-toolchain "E:/Xilinx_SDx/SDx/2017.1/Vivado_HLS/msys" -hls -fno-exceptions  -D__llvm__  -CC -E "D:/ESE532/Vivado_HLS/HW7/HW7_1/solution1/.autopilot/db/Differentiate_HW.pragma.1.cpp"     -fno-math-errno -c -emit-llvm -O0  -mllvm -disable-llvm-optzns -fno-threadsafe-statics  -fno-use-cxa-atexit  -fno-threadsafe-statics -fno-use-cxa-atexit -D__CLANG_3_1__ -D__cdecl= -DAESL_SYN -D__SYNTHESIS__ -D__HLS_SYN__ -I "E:/Xilinx_SDx/SDx/2017.1/Vivado_HLS/common/technology/autopilot" -I "E:/Xilinx_SDx/SDx/2017.1/Vivado_HLS/common/technology/autopilot/ap_sysc" -include etc/autopilot_ssdm_op.h  -o "D:/ESE532/Vivado_HLS/HW7/HW7_1/solution1/.autopilot/db/Differentiate_HW.pragma.2.cpp" 
INFO: [HLS 200-0] exec clang -fno-limit-debug-info -gcc-toolchain E:/Xilinx_SDx/SDx/2017.1/Vivado_HLS/msys -hls -fno-exceptions -D__llvm__ -CC -E D:/ESE532/Vivado_HLS/HW7/HW7_1/solution1/.autopilot/db/Differentiate_HW.pragma.1.cpp -fno-math-errno -c -emit-llvm -O0 -mllvm -disable-llvm-optzns -fno-threadsafe-statics -fno-use-cxa-atexit -fno-threadsafe-statics -fno-use-cxa-atexit -D__CLANG_3_1__ -D__cdecl= -DAESL_SYN -D__SYNTHESIS__ -D__HLS_SYN__ -I E:/Xilinx_SDx/SDx/2017.1/Vivado_HLS/common/technology/autopilot -I E:/Xilinx_SDx/SDx/2017.1/Vivado_HLS/common/technology/autopilot/ap_sysc -include etc/autopilot_ssdm_op.h -o D:/ESE532/Vivado_HLS/HW7/HW7_1/solution1/.autopilot/db/Differentiate_HW.pragma.2.cpp
INFO: [HLS 200-100] Command       clang returned 0; 0.178 sec.
INFO: [HLS 200-0] Processing labels
INFO: [HLS 200-100] Execute       clang  -fno-limit-debug-info -gcc-toolchain E:/Xilinx_SDx/SDx/2017.1/Vivado_HLS/msys -hls -hls-analyze-label -hls-analyze-pragma -fno-exceptions  -D__llvm__  -w  "D:/ESE532/Vivado_HLS/HW7/HW7_1/solution1/.autopilot/db/Differentiate_HW.pragma.2.cpp"    -fno-math-errno -c -emit-llvm -O0  -mllvm -disable-llvm-optzns -fno-threadsafe-statics  -fno-use-cxa-atexit -DAESL_SYN -D__SYNTHESIS__ -D__HLS_SYN__ -I "E:/Xilinx_SDx/SDx/2017.1/Vivado_HLS/common/technology/autopilot" -I "E:/Xilinx_SDx/SDx/2017.1/Vivado_HLS/common/technology/autopilot/ap_sysc" -include etc/autopilot_ssdm_op.h -g -o "D:/ESE532/Vivado_HLS/HW7/HW7_1/solution1/.autopilot/db/Differentiate_HW.g.bc" 
INFO: [HLS 200-0] exec clang -fno-limit-debug-info -gcc-toolchain E:/Xilinx_SDx/SDx/2017.1/Vivado_HLS/msys -hls -hls-analyze-label -hls-analyze-pragma -fno-exceptions -D__llvm__ -w D:/ESE532/Vivado_HLS/HW7/HW7_1/solution1/.autopilot/db/Differentiate_HW.pragma.2.cpp -fno-math-errno -c -emit-llvm -O0 -mllvm -disable-llvm-optzns -fno-threadsafe-statics -fno-use-cxa-atexit -DAESL_SYN -D__SYNTHESIS__ -D__HLS_SYN__ -I E:/Xilinx_SDx/SDx/2017.1/Vivado_HLS/common/technology/autopilot -I E:/Xilinx_SDx/SDx/2017.1/Vivado_HLS/common/technology/autopilot/ap_sysc -include etc/autopilot_ssdm_op.h -g -o D:/ESE532/Vivado_HLS/HW7/HW7_1/solution1/.autopilot/db/Differentiate_HW.g.bc
INFO: [HLS 200-100] Command       clang returned 0; 0.181 sec.
INFO: [HLS 200-10] Analyzing design file 'Differentiate.cpp' ... 
INFO: [HLS 200-0] Compiling one TU...
INFO: [HLS 200-100] Execute       is_m_axi_addr64 
INFO: [HLS 200-100] Command       is_m_axi_addr64 returned 0; 0 sec.
INFO: [HLS 200-0] Handling Differentiate.cpp as C++
INFO: [HLS 200-0] Syntax Checking before pre-processing...
INFO: [HLS 200-100] Execute       clang  -fno-limit-debug-info -gcc-toolchain "E:/Xilinx_SDx/SDx/2017.1/Vivado_HLS/msys" -hls    -fno-math-errno -c -emit-llvm -O0  -mllvm -disable-llvm-optzns -fno-threadsafe-statics  -fno-use-cxa-atexit  -fno-threadsafe-statics -fno-use-cxa-atexit -D__CLANG_3_1__ -D__cdecl=   -I "E:/Xilinx_SDx/SDx/2017.1/Vivado_HLS/win64/tools/systemc/include" -I "E:/Xilinx_SDx/SDx/2017.1/Vivado_HLS/include" -I "E:/Xilinx_SDx/SDx/2017.1/Vivado_HLS/include/ap_sysc" -fexceptions -I "E:/Xilinx_SDx/SDx/2017.1/Vivado_HLS/common/technology/autopilot" -include etc/autopilot_ssdm_op.h "Differentiate.cpp"  -o "D:/ESE532/Vivado_HLS/HW7/HW7_1/solution1/.autopilot/db/Differentiate.pp.00.o" 
INFO: [HLS 200-0] exec clang -fno-limit-debug-info -gcc-toolchain E:/Xilinx_SDx/SDx/2017.1/Vivado_HLS/msys -hls -fno-math-errno -c -emit-llvm -O0 -mllvm -disable-llvm-optzns -fno-threadsafe-statics -fno-use-cxa-atexit -fno-threadsafe-statics -fno-use-cxa-atexit -D__CLANG_3_1__ -D__cdecl= -I E:/Xilinx_SDx/SDx/2017.1/Vivado_HLS/win64/tools/systemc/include -I E:/Xilinx_SDx/SDx/2017.1/Vivado_HLS/include -I E:/Xilinx_SDx/SDx/2017.1/Vivado_HLS/include/ap_sysc -fexceptions -I E:/Xilinx_SDx/SDx/2017.1/Vivado_HLS/common/technology/autopilot -include etc/autopilot_ssdm_op.h Differentiate.cpp -o D:/ESE532/Vivado_HLS/HW7/HW7_1/solution1/.autopilot/db/Differentiate.pp.00.o
INFO: [HLS 200-100] Command       clang returned 0; 0.176 sec.
INFO: [HLS 200-100] Execute       is_encrypted D:/ESE532/Vivado_HLS/HW7/HW7_1/solution1/.autopilot/db/Differentiate.pp.00.o 
INFO: [HLS 200-100] Command       is_encrypted returned 0; 0 sec.
INFO: [HLS 200-0] Source preprocessing
INFO: [HLS 200-100] Execute       clang  -fno-limit-debug-info -gcc-toolchain "E:/Xilinx_SDx/SDx/2017.1/Vivado_HLS/msys" -hls -fno-exceptions  -D__llvm__  -CC -E "Differentiate.cpp"     -fno-math-errno -c -emit-llvm -O0  -mllvm -disable-llvm-optzns -fno-threadsafe-statics  -fno-use-cxa-atexit  -fno-threadsafe-statics -fno-use-cxa-atexit -D__CLANG_3_1__ -D__cdecl= -DAESL_SYN -D__SYNTHESIS__ -D__HLS_SYN__ -I "E:/Xilinx_SDx/SDx/2017.1/Vivado_HLS/common/technology/autopilot" -I "E:/Xilinx_SDx/SDx/2017.1/Vivado_HLS/common/technology/autopilot/ap_sysc" -include etc/autopilot_ssdm_op.h  -o "D:/ESE532/Vivado_HLS/HW7/HW7_1/solution1/.autopilot/db/Differentiate.pp.0.cpp" 
INFO: [HLS 200-0] exec clang -fno-limit-debug-info -gcc-toolchain E:/Xilinx_SDx/SDx/2017.1/Vivado_HLS/msys -hls -fno-exceptions -D__llvm__ -CC -E Differentiate.cpp -fno-math-errno -c -emit-llvm -O0 -mllvm -disable-llvm-optzns -fno-threadsafe-statics -fno-use-cxa-atexit -fno-threadsafe-statics -fno-use-cxa-atexit -D__CLANG_3_1__ -D__cdecl= -DAESL_SYN -D__SYNTHESIS__ -D__HLS_SYN__ -I E:/Xilinx_SDx/SDx/2017.1/Vivado_HLS/common/technology/autopilot -I E:/Xilinx_SDx/SDx/2017.1/Vivado_HLS/common/technology/autopilot/ap_sysc -include etc/autopilot_ssdm_op.h -o D:/ESE532/Vivado_HLS/HW7/HW7_1/solution1/.autopilot/db/Differentiate.pp.0.cpp
INFO: [HLS 200-100] Command       clang returned 0; 0.174 sec.
INFO: [HLS 200-0] GCC PP time: 0 seconds per iteration
INFO: [HLS 200-100] Execute       list_core -type functional_unit 
INFO: [HLS 200-100] Command       list_core returned 0; 0 sec.
INFO: [HLS 200-0] CDT Preprocessing...
INFO: [HLS 200-0] Marker-Pragma convertor: D:/ESE532/Vivado_HLS/HW7/HW7_1/solution1/.autopilot/db/Differentiate.pp.0.cpp D:/ESE532/Vivado_HLS/HW7/HW7_1/solution1/.autopilot/db/Differentiate.pp.0.cpp.ap-line.cpp D:/ESE532/Vivado_HLS/HW7/HW7_1/solution1/.autopilot/db/Differentiate.pp.0.cpp.ap-line.cpp.CXX 1
INFO: [HLS 200-0] Converting Markers to Pragmas...
INFO: [HLS 200-100] Execute       cdt  "D:/ESE532/Vivado_HLS/HW7/HW7_1/solution1/.autopilot/db/Differentiate.pp.0.cpp.ap-line.cpp"  -m "Differentiate_HW" -o "D:/ESE532/Vivado_HLS/HW7/HW7_1/solution1/.autopilot/db/Differentiate.pp.0.cpp.ap-cdt.cpp" --pp --directive D:/ESE532/Vivado_HLS/HW7/HW7_1/solution1/solution1.directive --source D:/ESE532/Vivado_HLS/HW7/Differentiate.cpp --error D:/ESE532/Vivado_HLS/HW7/HW7_1/solution1/.autopilot/db --funcunit "AddSub AddSub_DSP AddSubnS DAddSub_fulldsp DAddSub_nodsp DDiv DExp_fulldsp DExp_meddsp DExp_nodsp DLog_fulldsp DLog_meddsp DLog_nodsp DMul_fulldsp DMul_maxdsp DMul_meddsp DMul_nodsp DRSqrt DRecip DSqrt DivnS FAddSub_fulldsp FAddSub_nodsp FDiv FExp_fulldsp FExp_meddsp FExp_nodsp FLog_fulldsp FLog_meddsp FLog_nodsp FMul_fulldsp FMul_maxdsp FMul_meddsp FMul_nodsp FRSqrt_fulldsp FRSqrt_nodsp FRecip_fulldsp FRecip_nodsp FSqrt HAddSub_fulldsp HAddSub_meddsp HAddSub_nodsp HDiv HMul_fulldsp HMul_maxdsp HMul_nodsp HSqrt Mul Mul2S Mul3S Mul4S Mul5S Mul6S Mul_LUT MulnS MuxnS" --ve --vetcl D:/ESE532/Vivado_HLS/HW7/HW7_1/solution1/.autopilot/db --ca --es --gf --pd --p2d D:/ESE532/Vivado_HLS/HW7/HW7_1/solution1/.autopilot/db --sd --scff D:/ESE532/Vivado_HLS/HW7/HW7_1/solution1/.autopilot/db/.systemc_flag --ad 
INFO: [HLS 200-100] Command       cdt returned 0; 0.602 sec.
INFO: [HLS 200-0] Marker-Pragma convertor: D:/ESE532/Vivado_HLS/HW7/HW7_1/solution1/.autopilot/db/Differentiate.pp.0.cpp.ap-cdt.cpp D:/ESE532/Vivado_HLS/HW7/HW7_1/solution1/.autopilot/db/Differentiate.pragma.0.cpp D:/ESE532/Vivado_HLS/HW7/HW7_1/solution1/.autopilot/db/Differentiate.pragma.0.cpp.ap-line.CXX 0
INFO: [HLS 200-0] Converting Pragmas to Markers...
INFO: [HLS 200-100] Execute       source D:/ESE532/Vivado_HLS/HW7/HW7_1/solution1/.autopilot/db/pragma.status.tcl 
INFO: [HLS 200-100] Command       ap_source returned 0; 0 sec.
INFO: [HLS 200-0] Pragma Handling...
INFO: [HLS 200-0] Source preprocessing
INFO: [HLS 200-100] Execute       clang  -fno-limit-debug-info -gcc-toolchain "E:/Xilinx_SDx/SDx/2017.1/Vivado_HLS/msys" -hls -fno-exceptions  -D__llvm__  -CC -E "D:/ESE532/Vivado_HLS/HW7/HW7_1/solution1/.autopilot/db/Differentiate.pragma.1.cpp"     -fno-math-errno -c -emit-llvm -O0  -mllvm -disable-llvm-optzns -fno-threadsafe-statics  -fno-use-cxa-atexit  -fno-threadsafe-statics -fno-use-cxa-atexit -D__CLANG_3_1__ -D__cdecl= -DAESL_SYN -D__SYNTHESIS__ -D__HLS_SYN__ -I "E:/Xilinx_SDx/SDx/2017.1/Vivado_HLS/common/technology/autopilot" -I "E:/Xilinx_SDx/SDx/2017.1/Vivado_HLS/common/technology/autopilot/ap_sysc" -include etc/autopilot_ssdm_op.h  -o "D:/ESE532/Vivado_HLS/HW7/HW7_1/solution1/.autopilot/db/Differentiate.pragma.2.cpp" 
INFO: [HLS 200-0] exec clang -fno-limit-debug-info -gcc-toolchain E:/Xilinx_SDx/SDx/2017.1/Vivado_HLS/msys -hls -fno-exceptions -D__llvm__ -CC -E D:/ESE532/Vivado_HLS/HW7/HW7_1/solution1/.autopilot/db/Differentiate.pragma.1.cpp -fno-math-errno -c -emit-llvm -O0 -mllvm -disable-llvm-optzns -fno-threadsafe-statics -fno-use-cxa-atexit -fno-threadsafe-statics -fno-use-cxa-atexit -D__CLANG_3_1__ -D__cdecl= -DAESL_SYN -D__SYNTHESIS__ -D__HLS_SYN__ -I E:/Xilinx_SDx/SDx/2017.1/Vivado_HLS/common/technology/autopilot -I E:/Xilinx_SDx/SDx/2017.1/Vivado_HLS/common/technology/autopilot/ap_sysc -include etc/autopilot_ssdm_op.h -o D:/ESE532/Vivado_HLS/HW7/HW7_1/solution1/.autopilot/db/Differentiate.pragma.2.cpp
INFO: [HLS 200-100] Command       clang returned 0; 0.177 sec.
INFO: [HLS 200-0] Processing labels
INFO: [HLS 200-100] Execute       clang  -fno-limit-debug-info -gcc-toolchain E:/Xilinx_SDx/SDx/2017.1/Vivado_HLS/msys -hls -hls-analyze-label -hls-analyze-pragma -fno-exceptions  -D__llvm__  -w  "D:/ESE532/Vivado_HLS/HW7/HW7_1/solution1/.autopilot/db/Differentiate.pragma.2.cpp"    -fno-math-errno -c -emit-llvm -O0  -mllvm -disable-llvm-optzns -fno-threadsafe-statics  -fno-use-cxa-atexit -DAESL_SYN -D__SYNTHESIS__ -D__HLS_SYN__ -I "E:/Xilinx_SDx/SDx/2017.1/Vivado_HLS/common/technology/autopilot" -I "E:/Xilinx_SDx/SDx/2017.1/Vivado_HLS/common/technology/autopilot/ap_sysc" -include etc/autopilot_ssdm_op.h -g -o "D:/ESE532/Vivado_HLS/HW7/HW7_1/solution1/.autopilot/db/Differentiate.g.bc" 
INFO: [HLS 200-0] exec clang -fno-limit-debug-info -gcc-toolchain E:/Xilinx_SDx/SDx/2017.1/Vivado_HLS/msys -hls -hls-analyze-label -hls-analyze-pragma -fno-exceptions -D__llvm__ -w D:/ESE532/Vivado_HLS/HW7/HW7_1/solution1/.autopilot/db/Differentiate.pragma.2.cpp -fno-math-errno -c -emit-llvm -O0 -mllvm -disable-llvm-optzns -fno-threadsafe-statics -fno-use-cxa-atexit -DAESL_SYN -D__SYNTHESIS__ -D__HLS_SYN__ -I E:/Xilinx_SDx/SDx/2017.1/Vivado_HLS/common/technology/autopilot -I E:/Xilinx_SDx/SDx/2017.1/Vivado_HLS/common/technology/autopilot/ap_sysc -include etc/autopilot_ssdm_op.h -g -o D:/ESE532/Vivado_HLS/HW7/HW7_1/solution1/.autopilot/db/Differentiate.g.bc
INFO: [HLS 200-100] Command       clang returned 0; 0.176 sec.
INFO: [HLS 200-10] Analyzing design file 'Compress.cpp' ... 
INFO: [HLS 200-0] Compiling one TU...
INFO: [HLS 200-100] Execute       is_m_axi_addr64 
INFO: [HLS 200-100] Command       is_m_axi_addr64 returned 0; 0 sec.
INFO: [HLS 200-0] Handling Compress.cpp as C++
INFO: [HLS 200-0] Syntax Checking before pre-processing...
INFO: [HLS 200-100] Execute       clang  -fno-limit-debug-info -gcc-toolchain "E:/Xilinx_SDx/SDx/2017.1/Vivado_HLS/msys" -hls    -fno-math-errno -c -emit-llvm -O0  -mllvm -disable-llvm-optzns -fno-threadsafe-statics  -fno-use-cxa-atexit  -fno-threadsafe-statics -fno-use-cxa-atexit -D__CLANG_3_1__ -D__cdecl=   -I "E:/Xilinx_SDx/SDx/2017.1/Vivado_HLS/win64/tools/systemc/include" -I "E:/Xilinx_SDx/SDx/2017.1/Vivado_HLS/include" -I "E:/Xilinx_SDx/SDx/2017.1/Vivado_HLS/include/ap_sysc" -fexceptions -I "E:/Xilinx_SDx/SDx/2017.1/Vivado_HLS/common/technology/autopilot" -include etc/autopilot_ssdm_op.h "Compress.cpp"  -o "D:/ESE532/Vivado_HLS/HW7/HW7_1/solution1/.autopilot/db/Compress.pp.00.o" 
INFO: [HLS 200-0] exec clang -fno-limit-debug-info -gcc-toolchain E:/Xilinx_SDx/SDx/2017.1/Vivado_HLS/msys -hls -fno-math-errno -c -emit-llvm -O0 -mllvm -disable-llvm-optzns -fno-threadsafe-statics -fno-use-cxa-atexit -fno-threadsafe-statics -fno-use-cxa-atexit -D__CLANG_3_1__ -D__cdecl= -I E:/Xilinx_SDx/SDx/2017.1/Vivado_HLS/win64/tools/systemc/include -I E:/Xilinx_SDx/SDx/2017.1/Vivado_HLS/include -I E:/Xilinx_SDx/SDx/2017.1/Vivado_HLS/include/ap_sysc -fexceptions -I E:/Xilinx_SDx/SDx/2017.1/Vivado_HLS/common/technology/autopilot -include etc/autopilot_ssdm_op.h Compress.cpp -o D:/ESE532/Vivado_HLS/HW7/HW7_1/solution1/.autopilot/db/Compress.pp.00.o
INFO: [HLS 200-100] Command       clang returned 0; 0.177 sec.
INFO: [HLS 200-100] Execute       is_encrypted D:/ESE532/Vivado_HLS/HW7/HW7_1/solution1/.autopilot/db/Compress.pp.00.o 
INFO: [HLS 200-100] Command       is_encrypted returned 0; 0 sec.
INFO: [HLS 200-0] Source preprocessing
INFO: [HLS 200-100] Execute       clang  -fno-limit-debug-info -gcc-toolchain "E:/Xilinx_SDx/SDx/2017.1/Vivado_HLS/msys" -hls -fno-exceptions  -D__llvm__  -CC -E "Compress.cpp"     -fno-math-errno -c -emit-llvm -O0  -mllvm -disable-llvm-optzns -fno-threadsafe-statics  -fno-use-cxa-atexit  -fno-threadsafe-statics -fno-use-cxa-atexit -D__CLANG_3_1__ -D__cdecl= -DAESL_SYN -D__SYNTHESIS__ -D__HLS_SYN__ -I "E:/Xilinx_SDx/SDx/2017.1/Vivado_HLS/common/technology/autopilot" -I "E:/Xilinx_SDx/SDx/2017.1/Vivado_HLS/common/technology/autopilot/ap_sysc" -include etc/autopilot_ssdm_op.h  -o "D:/ESE532/Vivado_HLS/HW7/HW7_1/solution1/.autopilot/db/Compress.pp.0.cpp" 
INFO: [HLS 200-0] exec clang -fno-limit-debug-info -gcc-toolchain E:/Xilinx_SDx/SDx/2017.1/Vivado_HLS/msys -hls -fno-exceptions -D__llvm__ -CC -E Compress.cpp -fno-math-errno -c -emit-llvm -O0 -mllvm -disable-llvm-optzns -fno-threadsafe-statics -fno-use-cxa-atexit -fno-threadsafe-statics -fno-use-cxa-atexit -D__CLANG_3_1__ -D__cdecl= -DAESL_SYN -D__SYNTHESIS__ -D__HLS_SYN__ -I E:/Xilinx_SDx/SDx/2017.1/Vivado_HLS/common/technology/autopilot -I E:/Xilinx_SDx/SDx/2017.1/Vivado_HLS/common/technology/autopilot/ap_sysc -include etc/autopilot_ssdm_op.h -o D:/ESE532/Vivado_HLS/HW7/HW7_1/solution1/.autopilot/db/Compress.pp.0.cpp
INFO: [HLS 200-100] Command       clang returned 0; 0.176 sec.
INFO: [HLS 200-0] GCC PP time: 0 seconds per iteration
INFO: [HLS 200-100] Execute       list_core -type functional_unit 
INFO: [HLS 200-100] Command       list_core returned 0; 0 sec.
INFO: [HLS 200-0] CDT Preprocessing...
INFO: [HLS 200-0] Marker-Pragma convertor: D:/ESE532/Vivado_HLS/HW7/HW7_1/solution1/.autopilot/db/Compress.pp.0.cpp D:/ESE532/Vivado_HLS/HW7/HW7_1/solution1/.autopilot/db/Compress.pp.0.cpp.ap-line.cpp D:/ESE532/Vivado_HLS/HW7/HW7_1/solution1/.autopilot/db/Compress.pp.0.cpp.ap-line.cpp.CXX 1
INFO: [HLS 200-0] Converting Markers to Pragmas...
INFO: [HLS 200-100] Execute       cdt  "D:/ESE532/Vivado_HLS/HW7/HW7_1/solution1/.autopilot/db/Compress.pp.0.cpp.ap-line.cpp"  -m "Differentiate_HW" -o "D:/ESE532/Vivado_HLS/HW7/HW7_1/solution1/.autopilot/db/Compress.pp.0.cpp.ap-cdt.cpp" --pp --directive D:/ESE532/Vivado_HLS/HW7/HW7_1/solution1/solution1.directive --source D:/ESE532/Vivado_HLS/HW7/Compress.cpp --error D:/ESE532/Vivado_HLS/HW7/HW7_1/solution1/.autopilot/db --funcunit "AddSub AddSub_DSP AddSubnS DAddSub_fulldsp DAddSub_nodsp DDiv DExp_fulldsp DExp_meddsp DExp_nodsp DLog_fulldsp DLog_meddsp DLog_nodsp DMul_fulldsp DMul_maxdsp DMul_meddsp DMul_nodsp DRSqrt DRecip DSqrt DivnS FAddSub_fulldsp FAddSub_nodsp FDiv FExp_fulldsp FExp_meddsp FExp_nodsp FLog_fulldsp FLog_meddsp FLog_nodsp FMul_fulldsp FMul_maxdsp FMul_meddsp FMul_nodsp FRSqrt_fulldsp FRSqrt_nodsp FRecip_fulldsp FRecip_nodsp FSqrt HAddSub_fulldsp HAddSub_meddsp HAddSub_nodsp HDiv HMul_fulldsp HMul_maxdsp HMul_nodsp HSqrt Mul Mul2S Mul3S Mul4S Mul5S Mul6S Mul_LUT MulnS MuxnS" --ve --vetcl D:/ESE532/Vivado_HLS/HW7/HW7_1/solution1/.autopilot/db --ca --es --gf --pd --p2d D:/ESE532/Vivado_HLS/HW7/HW7_1/solution1/.autopilot/db --sd --scff D:/ESE532/Vivado_HLS/HW7/HW7_1/solution1/.autopilot/db/.systemc_flag --ad 
INFO: [HLS 200-100] Command       cdt returned 0; 0.6 sec.
INFO: [HLS 200-0] Marker-Pragma convertor: D:/ESE532/Vivado_HLS/HW7/HW7_1/solution1/.autopilot/db/Compress.pp.0.cpp.ap-cdt.cpp D:/ESE532/Vivado_HLS/HW7/HW7_1/solution1/.autopilot/db/Compress.pragma.0.cpp D:/ESE532/Vivado_HLS/HW7/HW7_1/solution1/.autopilot/db/Compress.pragma.0.cpp.ap-line.CXX 0
INFO: [HLS 200-0] Converting Pragmas to Markers...
INFO: [HLS 200-100] Execute       source D:/ESE532/Vivado_HLS/HW7/HW7_1/solution1/.autopilot/db/pragma.status.tcl 
INFO: [HLS 200-100] Command       ap_source returned 0; 0.001 sec.
INFO: [HLS 200-0] Pragma Handling...
INFO: [HLS 200-0] Source preprocessing
INFO: [HLS 200-100] Execute       clang  -fno-limit-debug-info -gcc-toolchain "E:/Xilinx_SDx/SDx/2017.1/Vivado_HLS/msys" -hls -fno-exceptions  -D__llvm__  -CC -E "D:/ESE532/Vivado_HLS/HW7/HW7_1/solution1/.autopilot/db/Compress.pragma.1.cpp"     -fno-math-errno -c -emit-llvm -O0  -mllvm -disable-llvm-optzns -fno-threadsafe-statics  -fno-use-cxa-atexit  -fno-threadsafe-statics -fno-use-cxa-atexit -D__CLANG_3_1__ -D__cdecl= -DAESL_SYN -D__SYNTHESIS__ -D__HLS_SYN__ -I "E:/Xilinx_SDx/SDx/2017.1/Vivado_HLS/common/technology/autopilot" -I "E:/Xilinx_SDx/SDx/2017.1/Vivado_HLS/common/technology/autopilot/ap_sysc" -include etc/autopilot_ssdm_op.h  -o "D:/ESE532/Vivado_HLS/HW7/HW7_1/solution1/.autopilot/db/Compress.pragma.2.cpp" 
INFO: [HLS 200-0] exec clang -fno-limit-debug-info -gcc-toolchain E:/Xilinx_SDx/SDx/2017.1/Vivado_HLS/msys -hls -fno-exceptions -D__llvm__ -CC -E D:/ESE532/Vivado_HLS/HW7/HW7_1/solution1/.autopilot/db/Compress.pragma.1.cpp -fno-math-errno -c -emit-llvm -O0 -mllvm -disable-llvm-optzns -fno-threadsafe-statics -fno-use-cxa-atexit -fno-threadsafe-statics -fno-use-cxa-atexit -D__CLANG_3_1__ -D__cdecl= -DAESL_SYN -D__SYNTHESIS__ -D__HLS_SYN__ -I E:/Xilinx_SDx/SDx/2017.1/Vivado_HLS/common/technology/autopilot -I E:/Xilinx_SDx/SDx/2017.1/Vivado_HLS/common/technology/autopilot/ap_sysc -include etc/autopilot_ssdm_op.h -o D:/ESE532/Vivado_HLS/HW7/HW7_1/solution1/.autopilot/db/Compress.pragma.2.cpp
INFO: [HLS 200-100] Command       clang returned 0; 0.178 sec.
INFO: [HLS 200-0] Processing labels
INFO: [HLS 200-100] Execute       clang  -fno-limit-debug-info -gcc-toolchain E:/Xilinx_SDx/SDx/2017.1/Vivado_HLS/msys -hls -hls-analyze-label -hls-analyze-pragma -fno-exceptions  -D__llvm__  -w  "D:/ESE532/Vivado_HLS/HW7/HW7_1/solution1/.autopilot/db/Compress.pragma.2.cpp"    -fno-math-errno -c -emit-llvm -O0  -mllvm -disable-llvm-optzns -fno-threadsafe-statics  -fno-use-cxa-atexit -DAESL_SYN -D__SYNTHESIS__ -D__HLS_SYN__ -I "E:/Xilinx_SDx/SDx/2017.1/Vivado_HLS/common/technology/autopilot" -I "E:/Xilinx_SDx/SDx/2017.1/Vivado_HLS/common/technology/autopilot/ap_sysc" -include etc/autopilot_ssdm_op.h -g -o "D:/ESE532/Vivado_HLS/HW7/HW7_1/solution1/.autopilot/db/Compress.g.bc" 
INFO: [HLS 200-0] exec clang -fno-limit-debug-info -gcc-toolchain E:/Xilinx_SDx/SDx/2017.1/Vivado_HLS/msys -hls -hls-analyze-label -hls-analyze-pragma -fno-exceptions -D__llvm__ -w D:/ESE532/Vivado_HLS/HW7/HW7_1/solution1/.autopilot/db/Compress.pragma.2.cpp -fno-math-errno -c -emit-llvm -O0 -mllvm -disable-llvm-optzns -fno-threadsafe-statics -fno-use-cxa-atexit -DAESL_SYN -D__SYNTHESIS__ -D__HLS_SYN__ -I E:/Xilinx_SDx/SDx/2017.1/Vivado_HLS/common/technology/autopilot -I E:/Xilinx_SDx/SDx/2017.1/Vivado_HLS/common/technology/autopilot/ap_sysc -include etc/autopilot_ssdm_op.h -g -o D:/ESE532/Vivado_HLS/HW7/HW7_1/solution1/.autopilot/db/Compress.g.bc
INFO: [HLS 200-100] Command       clang returned 0; 0.177 sec.
INFO: [HLS 200-100] Execute       source D:/ESE532/Vivado_HLS/HW7/HW7_1/solution1/.autopilot/db/ve_warning.tcl 
INFO: [HLS 200-100] Command       ap_source returned 0; 0 sec.
INFO: [HLS 200-10] Validating synthesis directives ...
INFO: [HLS 200-100] Execute       source D:/ESE532/Vivado_HLS/HW7/HW7_1/solution1/.autopilot/db/pragma.status.tcl 
INFO: [HLS 200-100] Command       ap_source returned 0; 0 sec.
INFO: [HLS 200-111] Finished Checking Pragmas Time (s): cpu = 00:00:01 ; elapsed = 00:00:08 . Memory (MB): peak = 96.555 ; gain = 46.980
INFO: [HLS 200-0] Linking Release ...
INFO: [HLS 200-100] Execute       llvm-ld D:/ESE532/Vivado_HLS/HW7/HW7_1/solution1/.autopilot/db/Scale.bc D:/ESE532/Vivado_HLS/HW7/HW7_1/solution1/.autopilot/db/Filter.bc D:/ESE532/Vivado_HLS/HW7/HW7_1/solution1/.autopilot/db/Differentiate_HW.bc D:/ESE532/Vivado_HLS/HW7/HW7_1/solution1/.autopilot/db/Differentiate.bc D:/ESE532/Vivado_HLS/HW7/HW7_1/solution1/.autopilot/db/Compress.bc -disable-opt -LE:/Xilinx_SDx/SDx/2017.1/Vivado_HLS/win64/lib -lm_basic -o D:/ESE532/Vivado_HLS/HW7/HW7_1/solution1/.autopilot/db/a.o 
INFO: [HLS 200-100] Command       llvm-ld returned 0; 0.143 sec.
INFO: [HLS 200-100] Execute       disassemble D:/ESE532/Vivado_HLS/HW7/HW7_1/solution1/.autopilot/db/a.o D:/ESE532/Vivado_HLS/HW7/HW7_1/solution1/.autopilot/db/a.o 
INFO: [HLS 200-100] Execute         is_encrypted D:/ESE532/Vivado_HLS/HW7/HW7_1/solution1/.autopilot/db/a.o.bc 
INFO: [HLS 200-100] Command         is_encrypted returned 0; 0 sec.
INFO: [HLS 200-100] Command       disassemble returned 0; 0.02 sec.
INFO: [HLS 200-0] Disassemble time: 0 seconds per iteration
INFO: [HLS 200-0] Linking Debug ...
INFO: [HLS 200-100] Execute       llvm-ld D:/ESE532/Vivado_HLS/HW7/HW7_1/solution1/.autopilot/db/Scale.g.bc D:/ESE532/Vivado_HLS/HW7/HW7_1/solution1/.autopilot/db/Filter.g.bc D:/ESE532/Vivado_HLS/HW7/HW7_1/solution1/.autopilot/db/Differentiate_HW.g.bc D:/ESE532/Vivado_HLS/HW7/HW7_1/solution1/.autopilot/db/Differentiate.g.bc D:/ESE532/Vivado_HLS/HW7/HW7_1/solution1/.autopilot/db/Compress.g.bc -disable-opt -LE:/Xilinx_SDx/SDx/2017.1/Vivado_HLS/win64/lib -lm_basic -o D:/ESE532/Vivado_HLS/HW7/HW7_1/solution1/.autopilot/db/a.g 
INFO: [HLS 200-100] Command       llvm-ld returned 0; 0.135 sec.
INFO: [HLS 200-100] Execute       disassemble D:/ESE532/Vivado_HLS/HW7/HW7_1/solution1/.autopilot/db/a.g D:/ESE532/Vivado_HLS/HW7/HW7_1/solution1/.autopilot/db/a.g 
INFO: [HLS 200-100] Execute         is_encrypted D:/ESE532/Vivado_HLS/HW7/HW7_1/solution1/.autopilot/db/a.g.bc 
INFO: [HLS 200-100] Command         is_encrypted returned 0; 0 sec.
INFO: [HLS 200-100] Command       disassemble returned 0; 0.018 sec.
INFO: [HLS 200-0] Disassemble time: 0 seconds per iteration
INFO: [HLS 200-111] Finished Linking Time (s): cpu = 00:00:01 ; elapsed = 00:00:09 . Memory (MB): peak = 96.555 ; gain = 46.980
INFO: [HLS 200-100] Execute       opt_and_import_c a -opt_level=2 -skip_syncheck=0 -ng=0 -keep_printf=0 -enable_clang39=0 
INFO: [HLS 200-100] Execute         cleanup_all_models 
INFO: [HLS 200-100] Command         cleanup_all_models returned 0; 0 sec.
INFO: [HLS 200-10] Starting code transformations ...
INFO: [HLS 200-100] Execute         transform -promote-dbg-pointer D:/ESE532/Vivado_HLS/HW7/HW7_1/solution1/.autopilot/db/a.pp.bc -o D:/ESE532/Vivado_HLS/HW7/HW7_1/solution1/.autopilot/db/a.pp.0.bc -f 
INFO: [HLS 200-100] Command         transform returned 0; 0.01 sec.
INFO: [HLS 200-100] Execute         llvm-ld D:/ESE532/Vivado_HLS/HW7/HW7_1/solution1/.autopilot/db/a.pp.0.bc -disable-opt -LE:/Xilinx_SDx/SDx/2017.1/Vivado_HLS/win64/lib -lfloatconversion -o D:/ESE532/Vivado_HLS/HW7/HW7_1/solution1/.autopilot/db/a.g.0 
INFO: [HLS 200-100] Command         llvm-ld returned 0; 0.108 sec.
INFO: [HLS 200-0] Running Standard Transforms...
INFO: [HLS 200-100] Execute         transform -hls -share-std-xform -demangle-name -inline-byval-memcpy -always-inline -promote-dbg-pointer -interface-preproc -scalarrepl -mem2reg -keep-read-access -instcombine -dce -promote-dbg-pointer -bitop-raise -loop-simplify -indvarspre -indvars -loop-simplify -xunroll -constprop -instcombine -simplifycfg -indvars -simplifycfg -dce -globaldce -basicaa -simplifycfg -mem2reg -globalopt -global-constprop -deadargelim -instcombine -simplifycfg -prune-eh -simplifycfg -scalarrepl -instcombine -reassociate -licm -simplifycfg -loop-simplify -indvars -instcombine -simplifycfg -mem2reg -loop-simplify -indvars -instcombine -gvn -gvn -instcombine -adce -break-crit-edges -simplifycfg -loop-delete -global-array-opt -dce -dse -adce -find-syn-modules -top Differentiate_HW -deadargelim -mem2reg -instcombine -dce -presyn-prepare -auto-rom-infer -interface-preproc -syn-check -check-rec-only -find-region -simplifycfg -func-extr -function-inline -globaldce -mem2reg -instcombine -dce -gvn -globaldce -adce -adse -constprop -instcombine -bit-constprop -instcombine -dce -simplifycfg -bitop-raise -simplifycfg -dce -loop-delete -reassociate -globalopt -global-privatize -mem2reg -dce -global-constprop -pointer-simplify -constprop -dce -func-inst -deadargelim -auto-shift-reg-idiom -promote-dbg-pointer -norm-name D:/ESE532/Vivado_HLS/HW7/HW7_1/solution1/.autopilot/db/a.g.0.bc -o D:/ESE532/Vivado_HLS/HW7/HW7_1/solution1/.autopilot/db/a.g.1.bc -f -phase std-opt 
INFO: [HLS 200-100] Command         transform returned 0; 0.023 sec.
INFO: [HLS 200-100] Execute         disassemble D:/ESE532/Vivado_HLS/HW7/HW7_1/solution1/.autopilot/db/a.g.1 D:/ESE532/Vivado_HLS/HW7/HW7_1/solution1/.autopilot/db/a.g.1 
INFO: [HLS 200-100] Execute           is_encrypted D:/ESE532/Vivado_HLS/HW7/HW7_1/solution1/.autopilot/db/a.g.1.bc 
INFO: [HLS 200-100] Command           is_encrypted returned 0; 0 sec.
INFO: [HLS 200-100] Command         disassemble returned 0; 0.017 sec.
INFO: [HLS 200-111] Finished Standard Transforms Time (s): cpu = 00:00:01 ; elapsed = 00:00:09 . Memory (MB): peak = 98.594 ; gain = 49.020
INFO: [HLS 200-10] Checking synthesizability ...
INFO: [HLS 200-0] Checking Synthesizability 1/2..
INFO: [HLS 200-100] Execute         transform -hls -syn-check -check-rec-only -disaggr -scalarrepl -norm-name -dce -mem2reg -instcombine -function-uniquify -directive-preproc -mem2reg -dse -dce -auto-rom-infer -dce -array-normalize -instcombine -dce -warn-fifo-pointer -array-seg-normalize -instcombine -dce -array-flatten -instcombine -dce -array-burst -dce -deadargelim -promote-global-argument -simplifycfg -mem2reg -globaldce -resolve-double-ptr -dce -deadargelim -dce -instcombine -function-inline -globaldce -dce -doublePtrSimplify -doublePtrElim -dce -doublePtrSimplify -promote-dbg-pointer -dce -scalarrepl -dse -adse -instcombine -ptrLegalization -simplifycfg -dce -instcombine -pointer-simplify -ptrArgReplace -dce -instcombine -disaggr -scalarrepl -norm-name -dce -mem2reg -instcombine -ptrLegalization -simplifycfg -deadargelim -instcombine -dce -inst-simplify -function-uniquify -directive-preproc -mem2reg -dse -dce -globaldce D:/ESE532/Vivado_HLS/HW7/HW7_1/solution1/.autopilot/db/a.g.1.bc -o D:/ESE532/Vivado_HLS/HW7/HW7_1/solution1/.autopilot/db/a.g.2.prechk.bc -f 
INFO: [HLS 200-100] Command         transform returned 0; 0.013 sec.
INFO: [HLS 200-0] Checking Synthesizability 2/2..
INFO: [HLS 200-100] Execute         transform -syn-check D:/ESE532/Vivado_HLS/HW7/HW7_1/solution1/.autopilot/db/a.g.2.prechk.bc -o D:/ESE532/Vivado_HLS/HW7/HW7_1/solution1/.autopilot/db/a.g.2.bc -f -phase syn-check 
INFO: [HLS 200-100] Command         transform returned 0; 0.007 sec.
INFO: [HLS 200-111] Finished Checking Synthesizability Time (s): cpu = 00:00:01 ; elapsed = 00:00:09 . Memory (MB): peak = 98.813 ; gain = 49.238
INFO: [HLS 200-0] Compiler optimizing ...
INFO: [HLS 200-0] Share syncheck's 1.bc for syn flow: copy D:/ESE532/Vivado_HLS/HW7/HW7_1/solution1/.autopilot/db/a.g.1.bc to D:/ESE532/Vivado_HLS/HW7/HW7_1/solution1/.autopilot/db/a.o.1.bc
INFO: [HLS 200-0] Presyn 1...
INFO: [HLS 200-100] Execute         transform -hls -tmp D:/ESE532/Vivado_HLS/HW7/HW7_1/solution1/.autopilot/db -interface-port-rename -type-info -function-uniquify -directive-preproc -mem2reg -dse -dce -disaggr -scalarrepl -norm-name -deadargelim -mem2reg -instcombine -dce -auto-rom-infer -dce -function-uniquify -resource-proc -simplifycfg -mem2reg -globaldce -resolve-double-ptr -dce -deadargelim -dce -instcombine -clib-intrinsic-prepare -dce -func-buffer -dce -array-normalize -func-legal -instcombine -gvn -constprop -dce -ptrArgReplace -mem2reg -instcombine -dce -array-seg-normalize -deadargelim -instcombine -dce -pointer-simplify -dce -port-alignment -dce -interface-preproc -data-pack -instcombine -dce -basicaa -aggr-aa -aggrmodref-aa -aggr-aa -gvn -gvn -basicaa -aggr-aa -aggrmodref-aa -aggr-aa -dse -adse -adce -loop-simplify -indvars -instcombine -gvn -loop-simplify -mem2reg -dce -simplifycfg -find-region -instcombine -auto-loop-pipeline -inst-simplify -interface-preproc -cfgopt -instcombine -indvars -auto-loop-unroll -loop-simplify -loop-bound -xunroll -constprop -instcombine -simplifycfg -indvars -simplifycfg -dce -globaldce -clean-region -attach-range -gvn -inst-simplify -constprop -simplifycfg -dce -pointer-simplify -dce -globalopt -constprop -dce -array-promote -constprop -instcombine -dce -ptrArgReplace -mem2reg -instcombine -simplifycfg -dce -auto-par -instcombine -dce -array-transform-check -array-reshape -instcombine -simplifycfg -dce -ptrArgReplace -deadargelim -mem2reg -instcombine -simplifycfg -dce -indvars -loop-simplify -loop-bound -xunroll -constprop -instcombine -simplifycfg -indvars -simplifycfg -dce -globaldce -duplicate-dataflow-processes -globaldce -instcombine -array-partition -instcombine -simplifycfg -dce -ptrArgReplace -global-constprop -deadargelim -mem2reg -func-legal -instcombine -dce -global-constprop -deadargelim -mem2reg -instcombine -simplifycfg -dce -globalopt -constprop -dce -array-promote -constprop -instcombine -dce -ptrArgReplace -mem2reg -instcombine -simplifycfg -dce -mem-intrinsic-preproc -dce -global-privatize -mem2reg -globaldce -promote-global-argument -ptrArgReplace -mem2reg -instcombine -dce -globalopt -mergereturn -simplify-global-access -mem2reg -dce -pointer-simplify -dce -functionattrs -basicaa -aggr-aa -aggrmodref-aa -aggr-aa -gvn -gvn -basicaa -aggr-aa -aggrmodref-aa -aggr-aa -dse -adse -adce -inst-simplify -dce -norm-name -function-inline -globaldce -func-inst -constprop -instcombine -simplifycfg -dce -func-legal -dce -loop-bound -arraycheck -bitwidthmin -on-by-dataflow -loop-delete -instcombine -simplifycfg -globaldce -dce -gvn -deadargelim -dce -loop-simplify -clean-region -simplifycfg -propagate-stable-arguments -loop-stream -instcombine -simplifycfg -dce -globaldce -stream-intrinsic-preproc -dce -check-ap-stream -loop-simplify -eliminate-keepreads -extract-dataflow-in-loop -loop-simplify -dce -gvn -deadargelim -dse -check-dataflow-syntax -legalize-stream-variable -legalize-global -extract-subproc -dce -dead-channel-elimination -canonicalize-gep -globaldce -dce -gvn -deadargelim -annotate-dataflow-channels -scalar-propagation -deadargelim -globaldce -mem2reg -check-dataflow-channels -function-stream -dce -globaldce -prop-fifo-spec -internal-stream-gen -canonicalize-gep -globaldce -dce -gvn -deadargelim -mergereturn -indvars -loop-simplify -instcombine -array-stream -array-seg-normalize -array-partition -func-legal -instcombine -simplifycfg -dce -bundle-memfifo-ops -deadargelim -function-uniquify -directive-preproc -mem2reg -dse -dce -group-axi-access -licm -simplifycfg -dce -loop-delete -norm-name D:/ESE532/Vivado_HLS/HW7/HW7_1/solution1/.autopilot/db/a.o.1.bc -o D:/ESE532/Vivado_HLS/HW7/HW7_1/solution1/.autopilot/db/a.o.1.tmp.bc -f 
INFO: [XFORM 203-502] Unrolling all sub-loops inside loop 'Loop-1' (Differentiate_HW.cpp:7) in function 'Differentiate_HW' for pipelining.
INFO: [XFORM 203-501] Unrolling loop 'Loop-1.1' (Differentiate_HW.cpp:10) in function 'Differentiate_HW' completely.
INFO: [HLS 200-100] Command         transform returned 0; 20.33 sec.
INFO: [HLS 200-0] Presyn 2...
INFO: [HLS 200-100] Execute         transform -hls -keep-callgraph -scalarrepl -mem2reg -port-alignment -attach-range -dce -pipe-mux-gen -indvars -loop-bound -inst-simplify -instcombine -dce -merge-array-access -mem2reg -dce -clean-region -mergereturn -if-conv -instcombine -dce -constprop -basicaa -aggr-aa -aggrmodref-aa -aggr-aa -gvn -gvn -basicaa -aggr-aa -aggrmodref-aa -aggr-aa -dse -adse -adce -scalarrepl -mem2reg -global-constprop -deadargelim -deadargelim -instcombine -dce -simplifycfg -ptrArgReplace -mem2reg -function-inline -globaldce -mem2reg -instcombine -dce -expr-balance -instcombine -dce -bitwidthmin -interface-preproc -directive-preproc -inst-rectify -instcombine -dce -functionattrs -constprop -instcombine -bit-constprop -simplify-global-access -globalopt -globaldce -inst-simplify -instcombine -elimdeaddata -dce -loop-delete -simplifycfg -loop-simplify -auto-burst -norm-name D:/ESE532/Vivado_HLS/HW7/HW7_1/solution1/.autopilot/db/a.o.1.tmp.bc -o D:/ESE532/Vivado_HLS/HW7/HW7_1/solution1/.autopilot/db/a.o.2.bc -f -phase presyn 
INFO: [XFORM 203-401] Performing if-conversion on hyperblock from (Differentiate_HW.cpp:10:2) to (Differentiate_HW.cpp:13:4) in function 'Differentiate_HW'... converting 3 basic blocks.
INFO: [HLS 200-100] Command         transform returned 0; 11.068 sec.
INFO: [HLS 200-100] Execute         disassemble D:/ESE532/Vivado_HLS/HW7/HW7_1/solution1/.autopilot/db/a.o.2 D:/ESE532/Vivado_HLS/HW7/HW7_1/solution1/.autopilot/db/a.o.2 
INFO: [HLS 200-100] Execute           is_encrypted D:/ESE532/Vivado_HLS/HW7/HW7_1/solution1/.autopilot/db/a.o.2.bc 
INFO: [HLS 200-100] Command           is_encrypted returned 0; 0 sec.
INFO: [HLS 200-100] Command         disassemble returned 0; 0.058 sec.
INFO: [HLS 200-111] Finished Pre-synthesis Time (s): cpu = 00:00:32 ; elapsed = 00:00:41 . Memory (MB): peak = 225.203 ; gain = 175.629
INFO: [HLS 200-0] Building ssdm...
INFO: [HLS 200-100] Execute         transform -hls -function-uniquify -auto-function-inline -globaldce -ptrArgReplace -mem2reg -instcombine -dce -reset-lda -loop-simplify -indvars -licm -loop-dep -loop-bound -licm -loop-simplify -flattenloopnest -array-flatten -gvn -instcombine -dce -array-map -dce -func-legal -gvn -adce -instcombine -cfgopt -simplifycfg -loop-simplify -array-burst -promote-global-argument -dce -axi4-lower -array-seg-normalize -basicaa -aggrmodref-aa -globalsmodref-aa -aggr-aa -gvn -gvn -basicaa -aggrmodref-aa -globalsmodref-aa -aggr-aa -dse -adse -adce -licm -inst-simplify -dce -globaldce -instcombine -array-stream -eliminate-keepreads -instcombine -dce -deadargelim -doublePtrSimplify -doublePtrElim -dce -doublePtrSimplify -promote-dbg-pointer -dce -scalarrepl -mem2reg -disaggr -norm-name -mem2reg -instcombine -dse -adse -adce -ptrLegalization -dce -auto-rom-infer -array-flatten -dce -instcombine -check-doubleptr -loop-rot -constprop -cfgopt -simplifycfg -loop-simplify -indvars -pointer-simplify -dce -loop-bound -loop-simplify -loop-preproc -constprop -global-constprop -gvn -mem2reg -instcombine -dce -loop-bound -loop-merge -dce -bitwidthmin -deadargelim -dce -canonicalize-dataflow -dce -scalar-propagation -deadargelim -globaldce -mem2reg -interface-preproc -interface-gen -deadargelim -directive-preproc -inst-simplify -dce -gvn -mem2reg -instcombine -dce -adse -loop-bound -instcombine -cfgopt -simplifycfg -loop-simplify -clean-region -io-protocol -find-region -mem2reg -bitop-raise -inst-simplify -inst-rectify -instcombine -adce -deadargelim -loop-simplify -phi-opt -bitop-raise -cfgopt -simplifycfg -strip-dead-prototypes -interface-lower -bitop-lower -intrinsic-lower -auto-function-inline -basicaa -aggrmodref-aa -globalsmodref-aa -aggr-aa -inst-simplify -simplifycfg -loop-simplify -mergereturn -inst-simplify -inst-rectify -dce -bitop-lower -loop-rewind -pointer-simplify -dce -cfgopt -read-loop-dep -dce -bitwidth -loop-dep -check-stream -norm-name -legalize -validate-dataflow -cdfg-build D:/ESE532/Vivado_HLS/HW7/HW7_1/solution1/.autopilot/db/a.o.2.bc -o D:/ESE532/Vivado_HLS/HW7/HW7_1/solution1/.autopilot/db/a.o.3.bc -f -phase build-ssdm 
INFO: [HLS 200-100] Command         transform returned 0; 52.864 sec.
INFO: [HLS 200-100] Execute         disassemble D:/ESE532/Vivado_HLS/HW7/HW7_1/solution1/.autopilot/db/a.o.3 D:/ESE532/Vivado_HLS/HW7/HW7_1/solution1/.autopilot/db/a.o.3 
INFO: [HLS 200-100] Execute           is_encrypted D:/ESE532/Vivado_HLS/HW7/HW7_1/solution1/.autopilot/db/a.o.3.bc 
INFO: [HLS 200-100] Command           is_encrypted returned 0; 0 sec.
INFO: [HLS 200-100] Command         disassemble returned 0; 0.042 sec.
INFO: [HLS 200-111] Finished Architecture Synthesis Time (s): cpu = 00:01:25 ; elapsed = 00:01:33 . Memory (MB): peak = 374.078 ; gain = 324.504
INFO: [HLS 200-0] Finish building internal data model.
INFO: [HLS 200-100] Command       opt_and_import_c returned 0; 84.695 sec.
INFO: [HLS 200-100] Command     elaborate returned 0; 92.588 sec.
INFO: [HLS 200-100] Execute     autosyn 
INFO: [HLS 200-10] Starting hardware synthesis ...
INFO: [HLS 200-0] Synthesizing C/C++ design ...
INFO: [HLS 200-10] Synthesizing 'Differentiate_HW' ...
INFO: [HLS 200-100] Execute       ap_set_top_model Differentiate_HW 
INFO: [HLS 200-100] Command       ap_set_top_model returned 0; 0 sec.
INFO: [HLS 200-100] Execute       get_model_list Differentiate_HW -filter all-wo-channel -topdown 
INFO: [HLS 200-100] Command       get_model_list returned 0; 0.001 sec.
INFO: [HLS 200-100] Execute       preproc_iomode -model Differentiate_HW 
INFO: [HLS 200-100] Command       preproc_iomode returned 0; 0 sec.
INFO: [HLS 200-100] Execute       get_model_list Differentiate_HW -filter all-wo-channel 
INFO: [HLS 200-100] Command       get_model_list returned 0; 0 sec.
INFO: [HLS 200-0] Model list for configure: Differentiate_HW
INFO: [HLS 200-0] Configuring Module : Differentiate_HW ...
INFO: [HLS 200-100] Execute       set_default_model Differentiate_HW 
INFO: [HLS 200-100] Command       set_default_model returned 0; 0 sec.
INFO: [HLS 200-100] Execute       apply_spec_resource_limit Differentiate_HW 
INFO: [HLS 200-100] Command       apply_spec_resource_limit returned 0; 0.001 sec.
INFO: [HLS 200-0] Model list for preprocess: Differentiate_HW
INFO: [HLS 200-0] Preprocessing Module: Differentiate_HW ...
INFO: [HLS 200-100] Execute       set_default_model Differentiate_HW 
INFO: [HLS 200-100] Command       set_default_model returned 0; 0 sec.
INFO: [HLS 200-100] Execute       cdfg_preprocess -model Differentiate_HW 
INFO: [HLS 200-100] Command       cdfg_preprocess returned 0; 92.83 sec.
INFO: [HLS 200-100] Execute       rtl_gen_preprocess Differentiate_HW 
WARNING: [SYN 201-107] Renaming port name 'Differentiate_HW/Input' to 'Differentiate_HW/Input_r' to avoid the conflict with HDL keywords or other object names.
WARNING: [SYN 201-107] Renaming port name 'Differentiate_HW/Output' to 'Differentiate_HW/Output_r' to avoid the conflict with HDL keywords or other object names.
INFO: [HLS 200-100] Command       rtl_gen_preprocess returned 0; 0.001 sec.
INFO: [HLS 200-0] Model list for synthesis: Differentiate_HW
INFO: [HLS 200-10] ----------------------------------------------------------------
INFO: [HLS 200-42] -- Implementing module 'Differentiate_HW' 
INFO: [HLS 200-10] ----------------------------------------------------------------
INFO: [HLS 200-100] Execute       set_default_model Differentiate_HW 
INFO: [HLS 200-100] Command       set_default_model returned 0; 0 sec.
INFO: [HLS 200-100] Execute       schedule -model Differentiate_HW 
INFO: [SCHED 204-11] Starting scheduling ...
INFO: [SCHED 204-61] Pipelining loop 'Loop 1'.
WARNING: [SCHED 204-68] Unable to enforce a carried dependence constraint (II = 1, distance = 1, offset = 1)
   between 'store' operation (Differentiate_HW.cpp:17) of variable 'win_new_4_1', Differentiate_HW.cpp:15 on array 'buffer', Differentiate_HW.cpp:5 and 'load' operation ('buffer_load', Differentiate_HW.cpp:15) on array 'buffer', Differentiate_HW.cpp:5.
WARNING: [SCHED 204-69] Unable to schedule 'load' operation ('Input_load_7', Differentiate_HW.cpp:15) on array 'Input_r' due to limited memory ports. Please consider using a memory core with more ports or partitioning the array 'Input_r'.
WARNING: [SCHED 204-69] Unable to schedule 'store' operation (Differentiate_HW.cpp:17) of variable 'Input_load_14', Differentiate_HW.cpp:15 on array 'buffer', Differentiate_HW.cpp:5 due to limited memory ports. Please consider using a memory core with more ports or partitioning the array 'buffer'.
INFO: [SCHED 204-61] Unable to satisfy pipeline directive: Unable to pipeline the region.
INFO: [SCHED 204-11] Finished scheduling.
INFO: [HLS 200-100] Command       schedule returned 0; 139.906 sec.
INFO: [HLS 200-111]  Elapsed time: 326.436 seconds; current allocated memory: 559.548 MB.
INFO: [HLS 200-100] Execute       report -o D:/ESE532/Vivado_HLS/HW7/HW7_1/solution1/.autopilot/db/Differentiate_HW.verbose.sched.rpt -verbose -f 
INFO: [HLS 200-100] Command       report returned 0; 5.068 sec.
INFO: [HLS 200-100] Execute       db_write -o D:/ESE532/Vivado_HLS/HW7/HW7_1/solution1/.autopilot/db/Differentiate_HW.sched.adb -f 
INFO: [HLS 200-100] Command       db_write returned 0; 2.649 sec.
INFO: [HLS 200-0] Finish scheduling Differentiate_HW.
INFO: [HLS 200-100] Execute       set_default_model Differentiate_HW 
INFO: [HLS 200-100] Command       set_default_model returned 0; 0 sec.
INFO: [HLS 200-100] Execute       bind -model Differentiate_HW 
INFO: [BIND 205-110] clear=
INFO: [BIND 205-110] debug=
INFO: [BIND 205-110] drf=
INFO: [BIND 205-110] effort=
INFO: [BIND 205-110] fast_refine=
INFO: [BIND 205-110] fu_weight=[ 0.0 -- 1.0 ]
INFO: [BIND 205-110] global_opt=
INFO: [BIND 205-110] gsearch=
INFO: [BIND 205-110] help=
INFO: [BIND 205-110] help-hidden=
INFO: [BIND 205-110] min_mem_port=
INFO: [BIND 205-110] min_op=
INFO: [BIND 205-110] minreg=
INFO: [BIND 205-110] ml=
INFO: [BIND 205-110] model=Differentiate_HW
INFO: [BIND 205-110] no_false_path=
INFO: [BIND 205-110] no_min_op=
INFO: [BIND 205-110] normalize=
INFO: [BIND 205-110] quiet=
INFO: [BIND 205-110] refine=
INFO: [BIND 205-110] reg_weight=[ 0.0 -- 1.0 ]
INFO: [BIND 205-110] search=
INFO: [BIND 205-110] tight_delay=
INFO: [BIND 205-110] verbose=
INFO: [BIND 205-110] wFF=
INFO: [BIND 205-110] wFU=
INFO: [BIND 205-110] wMUX=
INFO: [BIND 205-110] wNET=
INFO: [BIND 205-100] Starting micro-architecture generation ...
INFO: [BIND 205-101] Performing variable lifetime analysis.
INFO: [BIND 205-101] Exploring resource sharing.
INFO: [BIND 205-101] Binding ...
INFO: [BIND 205-100] Finished micro-architecture generation.
INFO: [HLS 200-100] Command       bind returned 0; 8.152 sec.
INFO: [HLS 200-111]  Elapsed time: 16.215 seconds; current allocated memory: 598.314 MB.
INFO: [HLS 200-100] Execute       report -o D:/ESE532/Vivado_HLS/HW7/HW7_1/solution1/.autopilot/db/Differentiate_HW.verbose.bind.rpt -verbose -f 
INFO: [HLS 200-100] Command       report returned 0; 3.51 sec.
INFO: [HLS 200-100] Execute       db_write -o D:/ESE532/Vivado_HLS/HW7/HW7_1/solution1/.autopilot/db/Differentiate_HW.bind.adb -f 
INFO: [HLS 200-100] Command       db_write returned 0; 3.071 sec.
INFO: [HLS 200-0] Finish binding Differentiate_HW.
INFO: [HLS 200-100] Execute       get_model_list Differentiate_HW -filter all-wo-channel 
INFO: [HLS 200-100] Command       get_model_list returned 0; 0 sec.
INFO: [HLS 200-0] Preprocessing for RTLGen ...
INFO: [HLS 200-100] Execute       rtl_gen_preprocess Differentiate_HW 
INFO: [HLS 200-100] Command       rtl_gen_preprocess returned 0; 0.001 sec.
INFO: [HLS 200-0] Model list for RTL generation: Differentiate_HW
INFO: [HLS 200-10] ----------------------------------------------------------------
INFO: [HLS 200-10] -- Generating RTL for module 'Differentiate_HW' 
INFO: [HLS 200-10] ----------------------------------------------------------------
INFO: [HLS 200-100] Execute       create_rtl_model Differentiate_HW -vendor xilinx -mg_file D:/ESE532/Vivado_HLS/HW7/HW7_1/solution1/.autopilot/db/Differentiate_HW.compgen.tcl 
INFO: [RTGEN 206-500] Setting interface mode on port 'Differentiate_HW/Input_r' to 'ap_memory'.
INFO: [RTGEN 206-500] Setting interface mode on port 'Differentiate_HW/Output_r' to 'ap_memory'.
INFO: [RTGEN 206-500] Setting interface mode on function 'Differentiate_HW' to 'ap_ctrl_hs'.
INFO: [SYN 201-210] Renamed object name 'Differentiate_HW_buffer' to 'Differentiate_HW_bkb' due to the length limit 20
INFO: [RTGEN 206-100] Finished creating RTL model for 'Differentiate_HW'.
INFO: [HLS 200-100] Command       create_rtl_model returned 0; 7.716 sec.
INFO: [HLS 200-111]  Elapsed time: 14.679 seconds; current allocated memory: 678.433 MB.
INFO: [HLS 200-100] Execute       source D:/ESE532/Vivado_HLS/HW7/HW7_1/solution1/.autopilot/db/Differentiate_HW.rtl_wrap.cfg.tcl 
INFO: [HLS 200-100] Command       ap_source returned 0; 0 sec.
INFO: [HLS 200-100] Execute       gen_rtl Differentiate_HW -istop -style xilinx -tracefl mytrace -tracefmt vcd -traceopt all -f -lang sc -o D:/ESE532/Vivado_HLS/HW7/HW7_1/solution1/syn/systemc/Differentiate_HW -synmodules Differentiate_HW 
INFO: [HLS 200-100] Command       gen_rtl returned 0; 0.368 sec.
INFO: [HLS 200-100] Execute       gen_rtl Differentiate_HW -istop -style xilinx -f -lang vhdl -o D:/ESE532/Vivado_HLS/HW7/HW7_1/solution1/syn/vhdl/Differentiate_HW 
INFO: [HLS 200-100] Command       gen_rtl returned 0; 1.204 sec.
INFO: [HLS 200-100] Execute       gen_rtl Differentiate_HW -istop -style xilinx -f -lang vlog -o D:/ESE532/Vivado_HLS/HW7/HW7_1/solution1/syn/verilog/Differentiate_HW 
INFO: [HLS 200-100] Command       gen_rtl returned 0; 0.783 sec.
INFO: [HLS 200-100] Execute       export_constraint_db -o D:/ESE532/Vivado_HLS/HW7/HW7_1/solution1/.autopilot/db/Differentiate_HW.constraint.tcl -f -tool general 
INFO: [HLS 200-100] Command       export_constraint_db returned 0; 0.001 sec.
INFO: [HLS 200-100] Execute       report -model Differentiate_HW -o D:/ESE532/Vivado_HLS/HW7/HW7_1/solution1/.autopilot/db/Differentiate_HW.design.xml -verbose -f -dv 
INFO: [HLS 200-100] Command       report returned 0; 0.9 sec.
INFO: [HLS 200-100] Execute       report -model Differentiate_HW -o D:/ESE532/Vivado_HLS/HW7/HW7_1/solution1/.autopilot/db/Differentiate_HW.sdaccel.xml -verbose -f -sdaccel 
INFO: [HLS 200-100] Command       report returned 0; 1.972 sec.
INFO: [HLS 200-100] Execute       gen_tb_info Differentiate_HW -o D:/ESE532/Vivado_HLS/HW7/HW7_1/solution1/.autopilot/db/Differentiate_HW -p D:/ESE532/Vivado_HLS/HW7/HW7_1/solution1/.autopilot/db 
INFO: [HLS 200-100] Command       gen_tb_info returned 0; 0.011 sec.
INFO: [HLS 200-100] Execute       report -model Differentiate_HW -o D:/ESE532/Vivado_HLS/HW7/HW7_1/solution1/syn/report/Differentiate_HW_csynth.rpt -f 
INFO: [HLS 200-100] Command       report returned 0; 0.502 sec.
INFO: [HLS 200-100] Execute       report -model Differentiate_HW -o D:/ESE532/Vivado_HLS/HW7/HW7_1/solution1/syn/report/Differentiate_HW_csynth.xml -f -x 
INFO: [HLS 200-100] Command       report returned 0; 0.454 sec.
INFO: [HLS 200-100] Execute       report -model Differentiate_HW -o D:/ESE532/Vivado_HLS/HW7/HW7_1/solution1/.autopilot/db/Differentiate_HW.verbose.rpt -verbose -f 
INFO: [HLS 200-100] Command       report returned 0; 3.987 sec.
INFO: [HLS 200-100] Execute       db_write -model Differentiate_HW -o D:/ESE532/Vivado_HLS/HW7/HW7_1/solution1/.autopilot/db/Differentiate_HW.adb -f 
INFO: [HLS 200-100] Command       db_write returned 0; 5.058 sec.
INFO: [HLS 200-100] Execute       sc_get_clocks Differentiate_HW 
INFO: [HLS 200-100] Command       sc_get_clocks returned 0; 0 sec.
INFO: [HLS 200-100] Execute       sc_get_portdomain Differentiate_HW 
INFO: [HLS 200-100] Command       sc_get_portdomain returned 0; 0 sec.
INFO: [HLS 200-0] Model list for RTL component generation: Differentiate_HW
INFO: [HLS 200-0] Handling components in module [Differentiate_HW] ... 
INFO: [HLS 200-100] Execute       source D:/ESE532/Vivado_HLS/HW7/HW7_1/solution1/.autopilot/db/Differentiate_HW.compgen.tcl 
INFO: [HLS 200-0] Found component Differentiate_HW_bkb.
INFO: [HLS 200-0] Append model Differentiate_HW_bkb
INFO: [HLS 200-100] Command       ap_source returned 0; 0.024 sec.
INFO: [HLS 200-0] Append model Differentiate_HW
INFO: [HLS 200-0] Generating RTL model list ...
INFO: [HLS 200-0] All models in this session: Differentiate_HW_bkb Differentiate_HW
INFO: [HLS 200-0] To file: write model Differentiate_HW_bkb
INFO: [HLS 200-0] To file: write model Differentiate_HW
INFO: [HLS 200-0] Finished generating RTL model list.


INFO: [HLS 200-0] RTL Generation done.
INFO: [HLS 200-0] CAS Generation done.
INFO: [HLS 200-0] CBC Generation done.
INFO: [HLS 200-100] Execute       export_ssdm D:/ESE532/Vivado_HLS/HW7/HW7_1/solution1/.autopilot/db/a.export.ll 
INFO: [HLS 200-100] Command       export_ssdm returned 0; 0.011 sec.
INFO: [HLS 200-100] Execute       source D:/ESE532/Vivado_HLS/HW7/HW7_1/solution1/.autopilot/db/global.setting.tcl 
INFO: [HLS 200-100] Command       ap_source returned 0; 0 sec.
INFO: [HLS 200-100] Execute       source E:/Xilinx_SDx/SDx/2017.1/Vivado_HLS/common/technology/generic/autopilot/common.gen 
INFO: [HLS 200-100] Execute         source E:/Xilinx_SDx/SDx/2017.1/Vivado_HLS/common/technology/generic/autopilot/APCoreGen.gen 
INFO: [HLS 200-100] Command         ap_source returned 0; 0.001 sec.
INFO: [HLS 200-100] Command       ap_source returned 0; 0.001 sec.
INFO: [HLS 200-100] Execute       source E:/Xilinx_SDx/SDx/2017.1/Vivado_HLS/common/technology/generic/autopilot/op.gen 
INFO: [HLS 200-100] Command       ap_source returned 0; 0 sec.
INFO: [HLS 200-100] Execute       source E:/Xilinx_SDx/SDx/2017.1/Vivado_HLS/common/technology/generic/autopilot/op_simcore.gen 
INFO: [HLS 200-100] Command       ap_source returned 0; 0.001 sec.
INFO: [HLS 200-100] Execute       source E:/Xilinx_SDx/SDx/2017.1/Vivado_HLS/common/technology/generic/autopilot/interface.gen 
INFO: [HLS 200-100] Command       ap_source returned 0; 0 sec.
INFO: [HLS 200-100] Execute       source D:/ESE532/Vivado_HLS/HW7/HW7_1/solution1/.autopilot/db/global.setting.tcl 
INFO: [HLS 200-100] Command       ap_source returned 0; 0 sec.
INFO: [HLS 200-100] Execute       source E:/Xilinx_SDx/SDx/2017.1/Vivado_HLS/common/technology/xilinx/zynq/zynq.gen 
INFO: [HLS 200-100] Execute         source E:/Xilinx_SDx/SDx/2017.1/Vivado_HLS/common/technology/xilinx/common/virtex.gen 
INFO: [HLS 200-100] Execute           source E:/Xilinx_SDx/SDx/2017.1/Vivado_HLS/common/technology/xilinx/common/xilinx.gen 
INFO: [HLS 200-100] Execute             source E:/Xilinx_SDx/SDx/2017.1/Vivado_HLS/common/technology/xilinx/interface/plb46.gen 
INFO: [HLS 200-100] Command             ap_source returned 0; 0.001 sec.
INFO: [HLS 200-100] Execute             source E:/Xilinx_SDx/SDx/2017.1/Vivado_HLS/common/technology/xilinx/interface/fsl.gen 
INFO: [HLS 200-100] Command             ap_source returned 0; 0.001 sec.
INFO: [HLS 200-100] Execute             source E:/Xilinx_SDx/SDx/2017.1/Vivado_HLS/common/technology/xilinx/interface/axi4.gen 
INFO: [HLS 200-100] Command             ap_source returned 0; 0.002 sec.
INFO: [HLS 200-100] Execute             source E:/Xilinx_SDx/SDx/2017.1/Vivado_HLS/common/technology/xilinx/interface/nativeAXI4.gen 
INFO: [HLS 200-100] Execute               source E:/Xilinx_SDx/SDx/2017.1/Vivado_HLS/common/technology/xilinx/interface/saxilite.gen 
INFO: [HLS 200-100] Command               ap_source returned 0; 0.005 sec.
INFO: [HLS 200-100] Execute               source E:/Xilinx_SDx/SDx/2017.1/Vivado_HLS/common/technology/xilinx/interface/maxi.gen 
INFO: [HLS 200-100] Command               ap_source returned 0; 0.007 sec.
INFO: [HLS 200-100] Command             ap_source returned 0; 0.012 sec.
INFO: [HLS 200-100] Execute             source E:/Xilinx_SDx/SDx/2017.1/Vivado_HLS/common/technology/xilinx/scripts/xilinxcoregen.gen 
INFO: [HLS 200-100] Command             ap_source returned 0; 0.01 sec.
INFO: [HLS 200-100] Execute             source E:/Xilinx_SDx/SDx/2017.1/Vivado_HLS/common/technology/xilinx/interface/XilEDKCoreGen.gen 
INFO: [HLS 200-100] Command             ap_source returned 0; 0.007 sec.
INFO: [HLS 200-100] Execute             source E:/Xilinx_SDx/SDx/2017.1/Vivado_HLS/common/technology/xilinx/ip/dds_compiler.gen 
INFO: [HLS 200-100] Command             ap_source returned 0; 0.003 sec.
INFO: [HLS 200-100] Execute             source E:/Xilinx_SDx/SDx/2017.1/Vivado_HLS/common/technology/xilinx/ip/util.gen 
INFO: [HLS 200-100] Command             ap_source returned 0; 0 sec.
INFO: [HLS 200-100] Execute             source E:/Xilinx_SDx/SDx/2017.1/Vivado_HLS/common/technology/xilinx/ip/xfft.gen 
INFO: [HLS 200-100] Command             ap_source returned 0; 0.082 sec.
INFO: [HLS 200-100] Execute             source E:/Xilinx_SDx/SDx/2017.1/Vivado_HLS/common/technology/xilinx/ip/xfir.gen 
INFO: [HLS 200-100] Command             ap_source returned 0; 0.001 sec.
INFO: [HLS 200-100] Command           ap_source returned 0; 0.122 sec.
INFO: [HLS 200-100] Execute           source E:/Xilinx_SDx/SDx/2017.1/Vivado_HLS/common/technology/xilinx/common/dsp48.gen 
INFO: [HLS 200-100] Command           ap_source returned 0; 0.001 sec.
INFO: [HLS 200-100] Command         ap_source returned 0; 0.125 sec.
INFO: [HLS 200-100] Command       ap_source returned 0; 0.125 sec.
INFO: [HLS 200-100] Execute       source E:/Xilinx_SDx/SDx/2017.1/Vivado_HLS/common/technology/xilinx/zynq/zynq_fpv6.gen 
INFO: [HLS 200-100] Execute         source E:/Xilinx_SDx/SDx/2017.1/Vivado_HLS/common/technology/xilinx/common/xilinx_fpv6.gen 
INFO: [HLS 200-100] Command         ap_source returned 0; 0.001 sec.
INFO: [HLS 200-100] Command       ap_source returned 0; 0.002 sec.
INFO: [HLS 200-100] Execute       source D:/ESE532/Vivado_HLS/HW7/HW7_1/solution1/.autopilot/db/global.setting.tcl 
INFO: [HLS 200-100] Command       ap_source returned 0; 0 sec.
INFO: [HLS 200-100] Execute       source D:/ESE532/Vivado_HLS/HW7/HW7_1/solution1/.autopilot/db/global.setting.tcl 
INFO: [HLS 200-100] Command       ap_source returned 0; 0 sec.
INFO: [HLS 200-100] Execute       source D:/ESE532/Vivado_HLS/HW7/HW7_1/solution1/.autopilot/db/global.setting.tcl 
INFO: [HLS 200-100] Command       ap_source returned 0; 0.001 sec.
INFO: [HLS 200-100] Execute       source D:/ESE532/Vivado_HLS/HW7/HW7_1/solution1/.autopilot/db/global.setting.tcl 
INFO: [HLS 200-100] Command       ap_source returned 0; 0 sec.
INFO: [HLS 200-100] Execute       source D:/ESE532/Vivado_HLS/HW7/HW7_1/solution1/.autopilot/db/Differentiate_HW.compgen.tcl 
INFO: [RTMG 210-278] Implementing memory 'Differentiate_HW_bkb_ram (RAM)' using block RAMs.
INFO: [HLS 200-100] Command       ap_source returned 0; 0.031 sec.
INFO: [HLS 200-111] Finished generating all RTL models Time (s): cpu = 00:06:02 ; elapsed = 00:06:17 . Memory (MB): peak = 933.613 ; gain = 884.039
INFO: [SYSC 207-301] Generating SystemC RTL for Differentiate_HW.
INFO: [VHDL 208-304] Generating VHDL RTL for Differentiate_HW.
INFO: [VLOG 209-307] Generating Verilog RTL for Differentiate_HW.
INFO: [HLS 200-100] Command     autosyn returned 0; 283.367 sec.
INFO: [HLS 200-100] Command   csynth_design returned 0; 375.957 sec.
INFO: [HLS 200-100] Command ap_source returned 0; 376.397 sec.
INFO: [HLS 200-100] Execute cleanup_all 
INFO: [HLS 200-100] Command cleanup_all returned 0; 0.321 sec.
